[2026-04-02 08:19:14Z INFO HostContext] No proxy settings were found based on environmental variables (http_proxy/https_proxy/HTTP_PROXY/HTTPS_PROXY)
[2026-04-02 08:19:14Z INFO HostContext] Well known directory 'Bin': 'C:\Users\kje02\Antigravity HW2\actions-runner\bin'
[2026-04-02 08:19:14Z INFO HostContext] Well known directory 'Root': 'C:\Users\kje02\Antigravity HW2\actions-runner'
[2026-04-02 08:19:14Z INFO HostContext] Well known config file 'Credentials': 'C:\Users\kje02\Antigravity HW2\actions-runner\.credentials'
[2026-04-02 08:19:15Z INFO HostContext] Well known directory 'Bin': 'C:\Users\kje02\Antigravity HW2\actions-runner\bin'
[2026-04-02 08:19:15Z INFO HostContext] Well known directory 'Root': 'C:\Users\kje02\Antigravity HW2\actions-runner'
[2026-04-02 08:19:15Z INFO HostContext] Well known config file 'Runner': 'C:\Users\kje02\Antigravity HW2\actions-runner\.runner'
[2026-04-02 08:19:15Z INFO Listener] Runner is built for Windows (X64) - win-x64.
[2026-04-02 08:19:15Z INFO Listener] RuntimeInformation: Microsoft Windows 10.0.26200.
[2026-04-02 08:19:15Z INFO Listener] Version: 2.333.1
[2026-04-02 08:19:15Z INFO Listener] Commit: 6792966801e8925346735b68c03bf9f347af4646
[2026-04-02 08:19:15Z INFO Listener] Culture: ko-KR
[2026-04-02 08:19:15Z INFO Listener] UI Culture: ko-KR
[2026-04-02 08:19:15Z INFO HostContext] Well known directory 'Bin': 'C:\Users\kje02\Antigravity HW2\actions-runner\bin'
[2026-04-02 08:19:15Z INFO HostContext] Well known directory 'Root': 'C:\Users\kje02\Antigravity HW2\actions-runner'
[2026-04-02 08:19:15Z INFO Listener] Validating directory permissions for: 'C:\Users\kje02\Antigravity HW2\actions-runner'
[2026-04-02 08:19:15Z INFO CommandLineParser] Parse
[2026-04-02 08:19:15Z INFO CommandLineParser] Parsing 1 args
[2026-04-02 08:19:15Z INFO CommandLineParser] parsing argument
[2026-04-02 08:19:15Z INFO CommandLineParser] HasArgs: False
[2026-04-02 08:19:15Z INFO CommandLineParser] Adding Command: run
[2026-04-02 08:19:15Z INFO Listener] Arguments parsed
[2026-04-02 08:19:15Z INFO Runner] ExecuteCommand
[2026-04-02 08:19:15Z INFO ConfigurationStore] currentAssemblyLocation: C:\Users\kje02\Antigravity HW2\actions-runner\bin\Runner.Listener.dll
[2026-04-02 08:19:15Z INFO HostContext] Well known directory 'Bin': 'C:\Users\kje02\Antigravity HW2\actions-runner\bin'
[2026-04-02 08:19:15Z INFO ConfigurationStore] binPath: C:\Users\kje02\Antigravity HW2\actions-runner\bin
[2026-04-02 08:19:15Z INFO HostContext] Well known directory 'Bin': 'C:\Users\kje02\Antigravity HW2\actions-runner\bin'
[2026-04-02 08:19:15Z INFO HostContext] Well known directory 'Root': 'C:\Users\kje02\Antigravity HW2\actions-runner'
[2026-04-02 08:19:15Z INFO ConfigurationStore] RootFolder: C:\Users\kje02\Antigravity HW2\actions-runner
[2026-04-02 08:19:15Z INFO HostContext] Well known directory 'Bin': 'C:\Users\kje02\Antigravity HW2\actions-runner\bin'
[2026-04-02 08:19:15Z INFO HostContext] Well known directory 'Root': 'C:\Users\kje02\Antigravity HW2\actions-runner'
[2026-04-02 08:19:15Z INFO HostContext] Well known config file 'Runner': 'C:\Users\kje02\Antigravity HW2\actions-runner\.runner'
[2026-04-02 08:19:15Z INFO ConfigurationStore] ConfigFilePath: C:\Users\kje02\Antigravity HW2\actions-runner\.runner
[2026-04-02 08:19:15Z INFO HostContext] Well known directory 'Bin': 'C:\Users\kje02\Antigravity HW2\actions-runner\bin'
[2026-04-02 08:19:15Z INFO HostContext] Well known directory 'Root': 'C:\Users\kje02\Antigravity HW2\actions-runner'
[2026-04-02 08:19:15Z INFO HostContext] Well known config file 'MigratedRunner': 'C:\Users\kje02\Antigravity HW2\actions-runner\.runner_migrated'
[2026-04-02 08:19:15Z INFO ConfigurationStore] MigratedConfigFilePath: C:\Users\kje02\Antigravity HW2\actions-runner\.runner_migrated
[2026-04-02 08:19:15Z INFO HostContext] Well known directory 'Bin': 'C:\Users\kje02\Antigravity HW2\actions-runner\bin'
[2026-04-02 08:19:15Z INFO HostContext] Well known directory 'Root': 'C:\Users\kje02\Antigravity HW2\actions-runner'
[2026-04-02 08:19:15Z INFO HostContext] Well known config file 'Credentials': 'C:\Users\kje02\Antigravity HW2\actions-runner\.credentials'
[2026-04-02 08:19:15Z INFO ConfigurationStore] CredFilePath: C:\Users\kje02\Antigravity HW2\actions-runner\.credentials
[2026-04-02 08:19:15Z INFO HostContext] Well known directory 'Bin': 'C:\Users\kje02\Antigravity HW2\actions-runner\bin'
[2026-04-02 08:19:15Z INFO HostContext] Well known directory 'Root': 'C:\Users\kje02\Antigravity HW2\actions-runner'
[2026-04-02 08:19:15Z INFO HostContext] Well known config file 'MigratedCredentials': 'C:\Users\kje02\Antigravity HW2\actions-runner\.credentials_migrated'
[2026-04-02 08:19:15Z INFO ConfigurationStore] MigratedCredFilePath: C:\Users\kje02\Antigravity HW2\actions-runner\.credentials_migrated
[2026-04-02 08:19:15Z INFO HostContext] Well known directory 'Bin': 'C:\Users\kje02\Antigravity HW2\actions-runner\bin'
[2026-04-02 08:19:15Z INFO HostContext] Well known directory 'Root': 'C:\Users\kje02\Antigravity HW2\actions-runner'
[2026-04-02 08:19:15Z INFO HostContext] Well known config file 'Service': 'C:\Users\kje02\Antigravity HW2\actions-runner\.service'
[2026-04-02 08:19:15Z INFO ConfigurationStore] ServiceConfigFilePath: C:\Users\kje02\Antigravity HW2\actions-runner\.service
[2026-04-02 08:19:15Z INFO CommandSettings] Flag 'help': 'False'
[2026-04-02 08:19:15Z INFO CommandSettings] Flag 'version': 'False'
[2026-04-02 08:19:15Z INFO CommandSettings] Flag 'commit': 'False'
[2026-04-02 08:19:15Z INFO CommandSettings] Flag 'check': 'False'
[2026-04-02 08:19:15Z INFO CommandSettings] Command 'configure': 'False'
[2026-04-02 08:19:15Z INFO CommandSettings] Command 'remove': 'False'
[2026-04-02 08:19:15Z INFO CommandSettings] Command 'warmup': 'False'
[2026-04-02 08:19:15Z INFO ConfigurationManager] LoadSettings
[2026-04-02 08:19:15Z INFO ConfigurationStore] IsConfigured()
[2026-04-02 08:19:15Z INFO ConfigurationStore] IsConfigured: True
[2026-04-02 08:19:15Z INFO ConfigurationManager] Is configured: True
[2026-04-02 08:19:15Z INFO ConfigurationStore] Read setting file: 382 chars
[2026-04-02 08:19:15Z INFO ConfigurationManager] Settings Loaded
[2026-04-02 08:19:15Z INFO ConfigurationStore] IsServiceConfigured()
[2026-04-02 08:19:15Z INFO ConfigurationStore] IsServiceConfigured: False
[2026-04-02 08:19:15Z INFO CommandSettings] Command 'run': 'True'
[2026-04-02 08:19:15Z INFO ConfigurationStore] IsConfigured()
[2026-04-02 08:19:15Z INFO ConfigurationStore] IsConfigured: True
[2026-04-02 08:19:15Z INFO ConfigurationManager] Is configured: True
[2026-04-02 08:19:15Z INFO Runner] Could not parse the argument value '' for StartupType. Defaulting to Manual
[2026-04-02 08:19:15Z INFO Runner] Set runner startup type - Manual
[2026-04-02 08:19:15Z INFO CommandSettings] Flag 'once': 'False'
[2026-04-02 08:19:15Z INFO CommandSettings] Flag 'once': 'False'
[2026-04-02 08:19:15Z INFO Runner] RunAsync
[2026-04-02 08:19:15Z INFO HostContext] Well known directory 'Bin': 'C:\Users\kje02\Antigravity HW2\actions-runner\bin'
[2026-04-02 08:19:15Z INFO HostContext] Well known directory 'Root': 'C:\Users\kje02\Antigravity HW2\actions-runner'
[2026-04-02 08:19:15Z INFO HostContext] Well known directory 'Work': 'C:\Users\kje02\Antigravity HW2\actions-runner\_work'
[2026-04-02 08:19:15Z INFO Runner] Validating directory permissions for: 'C:\Users\kje02\Antigravity HW2\actions-runner\_work'
[2026-04-02 08:19:15Z INFO ConfigurationManager] LoadMigratedSettings
[2026-04-02 08:19:15Z INFO ConfigurationStore] IsMigratedConfigured()
[2026-04-02 08:19:15Z INFO ConfigurationStore] IsMigratedConfigured: False
[2026-04-02 08:19:15Z INFO Runner] Failed to load migrated settings: No migrated configuration found.
[2026-04-02 08:19:15Z INFO Runner] Falling back to original .runner settings
[2026-04-02 08:19:15Z INFO Runner] Using BrokerMessageListener
[2026-04-02 08:19:15Z INFO BrokerMessageListener] Using provided settings
[2026-04-02 08:19:15Z INFO BrokerMessageListener] {
  "AgentId": 2,
  "AgentName": "WNDMS",
  "PoolId": 1,
  "PoolName": "Default",
  "ServerUrl": "https://pipelinesghubeus3.actions.githubusercontent.com/MXr7QrFePo644aIi7OAsejIk5B6wusHal4ktfjJV3mR5Do3fVk/",
  "GitHubUrl": "https://github.com/kje0214214/HW2",
  "WorkFolder": "_work",
  "UseV2Flow": true,
  "ServerUrlV2": "https://broker.actions.githubusercontent.com/"
}
[2026-04-02 08:19:15Z INFO BrokerMessageListener] Loading Credentials
[2026-04-02 08:19:15Z INFO ConfigurationStore] HasCredentials()
[2026-04-02 08:19:15Z INFO ConfigurationStore] stored True
[2026-04-02 08:19:15Z INFO CredentialManager] GetCredentialProvider
[2026-04-02 08:19:15Z INFO CredentialManager] Creating type OAuth
[2026-04-02 08:19:15Z INFO CredentialManager] Creating credential type: OAuth
[2026-04-02 08:19:15Z INFO HostContext] Well known directory 'Bin': 'C:\Users\kje02\Antigravity HW2\actions-runner\bin'
[2026-04-02 08:19:15Z INFO HostContext] Well known directory 'Root': 'C:\Users\kje02\Antigravity HW2\actions-runner'
[2026-04-02 08:19:15Z INFO HostContext] Well known config file 'RSACredentials': 'C:\Users\kje02\Antigravity HW2\actions-runner\.credentials_rsaparams'
[2026-04-02 08:19:15Z INFO RSAEncryptedFileKeyManager] Loading RSA key parameters from file C:\Users\kje02\Antigravity HW2\actions-runner\.credentials_rsaparams
[2026-04-02 08:19:15Z INFO BrokerMessageListener] Attempt to create session.
[2026-04-02 08:19:15Z INFO BrokerMessageListener] Connecting to the Broker Server...
[2026-04-02 08:19:15Z INFO ConfigurationStore] HasCredentials()
[2026-04-02 08:19:15Z INFO ConfigurationStore] stored True
[2026-04-02 08:19:15Z INFO CredentialManager] GetCredentialProvider
[2026-04-02 08:19:15Z INFO CredentialManager] Creating type OAuth
[2026-04-02 08:19:15Z INFO CredentialManager] Creating credential type: OAuth
[2026-04-02 08:19:15Z INFO RSAEncryptedFileKeyManager] Loading RSA key parameters from file C:\Users\kje02\Antigravity HW2\actions-runner\.credentials_rsaparams
[2026-04-02 08:19:15Z INFO BrokerMessageListener] VssConnection created
[2026-04-02 08:19:15Z INFO BrokerMessageListener] Connecting to the Runner server...
[2026-04-02 08:19:15Z INFO RunnerServer] EstablishVssConnection
[2026-04-02 08:19:15Z INFO RunnerServer] Establish connection with 100 seconds timeout.
[2026-04-02 08:19:15Z INFO GitHubActionsService] Starting operation Location.GetConnectionData
[2026-04-02 08:19:15Z INFO RunnerServer] EstablishVssConnection
[2026-04-02 08:19:15Z INFO RunnerServer] Establish connection with 60 seconds timeout.
[2026-04-02 08:19:15Z INFO GitHubActionsService] Starting operation Location.GetConnectionData
[2026-04-02 08:19:15Z INFO RunnerServer] EstablishVssConnection
[2026-04-02 08:19:15Z INFO RunnerServer] Establish connection with 60 seconds timeout.
[2026-04-02 08:19:15Z INFO GitHubActionsService] Starting operation Location.GetConnectionData
[2026-04-02 08:19:16Z INFO GitHubActionsService] Finished operation Location.GetConnectionData
[2026-04-02 08:19:16Z INFO GitHubActionsService] Finished operation Location.GetConnectionData
[2026-04-02 08:19:16Z INFO GitHubActionsService] Finished operation Location.GetConnectionData
[2026-04-02 08:19:17Z INFO BrokerMessageListener] VssConnection created
[2026-04-02 08:19:17Z INFO Terminal] WRITE LINE: 
[2026-04-02 08:19:17Z INFO Terminal] WRITE LINE: 
[2026-04-02 08:19:17Z INFO RSAEncryptedFileKeyManager] Loading RSA key parameters from file C:\Users\kje02\Antigravity HW2\actions-runner\.credentials_rsaparams
[2026-04-02 08:19:17Z INFO RSAEncryptedFileKeyManager] Loading RSA key parameters from file C:\Users\kje02\Antigravity HW2\actions-runner\.credentials_rsaparams
[2026-04-02 08:19:18Z INFO GitHubActionsService] AAD Correlation ID for this token request: Unknown
[2026-04-02 08:19:19Z INFO BrokerMessageListener] Session created.
[2026-04-02 08:19:19Z INFO Terminal] WRITE LINE: Current runner version: '2.333.1'
[2026-04-02 08:19:19Z INFO Terminal] WRITE LINE: 2026-04-02 08:19:19Z: Listening for Jobs
[2026-04-02 08:19:19Z INFO JobDispatcher] Set runner/worker IPC timeout to 30 seconds.
[2026-04-02 08:34:30Z INFO BrokerMessageListener] Acknowledging runner request 'a22db9e0-f820-55ac-b428-99265746fa3c'.
[2026-04-02 08:34:31Z INFO ConfigurationStore] HasCredentials()
[2026-04-02 08:34:31Z INFO ConfigurationStore] stored True
[2026-04-02 08:34:31Z INFO CredentialManager] GetCredentialProvider
[2026-04-02 08:34:31Z INFO CredentialManager] Creating type OAuth
[2026-04-02 08:34:31Z INFO CredentialManager] Creating credential type: OAuth
[2026-04-02 08:34:31Z INFO RSAEncryptedFileKeyManager] Loading RSA key parameters from file C:\Users\kje02\Antigravity HW2\actions-runner\.credentials_rsaparams
[2026-04-02 08:34:31Z INFO RSAEncryptedFileKeyManager] Loading RSA key parameters from file C:\Users\kje02\Antigravity HW2\actions-runner\.credentials_rsaparams
[2026-04-02 08:34:31Z INFO RSAEncryptedFileKeyManager] Loading RSA key parameters from file C:\Users\kje02\Antigravity HW2\actions-runner\.credentials_rsaparams
[2026-04-02 08:34:32Z INFO GitHubActionsService] AAD Correlation ID for this token request: Unknown
[2026-04-02 08:34:33Z INFO JobDispatcher] Job request 0 for plan 00f2d38f-4afa-443a-a2ad-07efb1efdf29 job a22db9e0-f820-55ac-b428-99265746fa3c received.
[2026-04-02 08:34:33Z INFO JobDispatcher] Pull OrchestrationId 00f2d38f-4afa-443a-a2ad-07efb1efdf29.deploy.__default from JWT claims
[2026-04-02 08:34:33Z INFO BrokerMessageListener] Received job status event. JobState: Busy
[2026-04-02 08:34:33Z INFO BrokerMessageListener] _getMessagesTokenSource is already disposed.
[2026-04-02 08:34:33Z INFO Terminal] WRITE LINE: 2026-04-02 08:34:33Z: Running job: deploy
[2026-04-02 08:34:33Z INFO JobDispatcher] Start renew job request 0 for job a22db9e0-f820-55ac-b428-99265746fa3c.
[2026-04-02 08:34:34Z INFO JobDispatcher] Successfully renew job a22db9e0-f820-55ac-b428-99265746fa3c, job is valid till 2026-04-02 오전 8:44:33
[2026-04-02 08:34:34Z INFO HostContext] Well known directory 'Bin': 'C:\Users\kje02\Antigravity HW2\actions-runner\bin'
[2026-04-02 08:34:34Z INFO ProcessInvokerWrapper] Starting process:
[2026-04-02 08:34:34Z INFO ProcessInvokerWrapper]   File name: 'C:\Users\kje02\Antigravity HW2\actions-runner\bin\Runner.Worker.exe'
[2026-04-02 08:34:34Z INFO ProcessInvokerWrapper]   Arguments: 'spawnclient 2272 2284'
[2026-04-02 08:34:34Z INFO ProcessInvokerWrapper]   Working directory: 'C:\Users\kje02\Antigravity HW2\actions-runner\bin'
[2026-04-02 08:34:34Z INFO ProcessInvokerWrapper]   Require exit code zero: 'False'
[2026-04-02 08:34:34Z INFO ProcessInvokerWrapper]   Encoding web name:  ; code page: ''
[2026-04-02 08:34:34Z INFO ProcessInvokerWrapper]   Force kill process on cancellation: 'True'
[2026-04-02 08:34:34Z INFO ProcessInvokerWrapper]   Redirected STDIN: 'False'
[2026-04-02 08:34:34Z INFO ProcessInvokerWrapper]   Persist current code page: 'False'
[2026-04-02 08:34:34Z INFO ProcessInvokerWrapper]   Keep redirected STDIN open: 'False'
[2026-04-02 08:34:34Z INFO ProcessInvokerWrapper]   High priority process: 'True'
[2026-04-02 08:34:34Z INFO ProcessInvokerWrapper] Process started with process id 3608, waiting for process exit.
[2026-04-02 08:34:34Z INFO JobDispatcher] Send job request message to worker for job a22db9e0-f820-55ac-b428-99265746fa3c.
[2026-04-02 08:34:34Z INFO ProcessChannel] Sending message of length 20780, with hash '5f41b156e9252c464aa30a7f865907b27e7048c0f4a6193c29fe34b144403b90'
[2026-04-02 08:34:35Z INFO JobNotification] Entering JobStarted Notification
[2026-04-02 08:34:35Z INFO JobNotification] Entering StartMonitor
[2026-04-02 08:34:43Z INFO ProcessInvokerWrapper] STDOUT/STDERR stream read finished.
[2026-04-02 08:34:43Z INFO ProcessInvokerWrapper] STDOUT/STDERR stream read finished.
[2026-04-02 08:34:43Z INFO ProcessInvokerWrapper] Finished process 3608 with exit code 102, and elapsed time 00:00:08.9878748.
[2026-04-02 08:34:43Z INFO JobDispatcher] Worker finished for job a22db9e0-f820-55ac-b428-99265746fa3c. Code: 102
[2026-04-02 08:34:43Z INFO JobDispatcher] finish job request for job a22db9e0-f820-55ac-b428-99265746fa3c with result: Failed
[2026-04-02 08:34:43Z INFO Terminal] WRITE LINE: 2026-04-02 08:34:43Z: Job deploy completed with result: Failed
[2026-04-02 08:34:43Z INFO JobDispatcher] Stop renew job request for job a22db9e0-f820-55ac-b428-99265746fa3c.
[2026-04-02 08:34:43Z INFO JobDispatcher] job renew has been cancelled, stop renew job a22db9e0-f820-55ac-b428-99265746fa3c.
[2026-04-02 08:34:43Z INFO JobNotification] Entering JobCompleted Notification
[2026-04-02 08:34:43Z INFO JobNotification] Entering EndMonitor
[2026-04-02 08:34:43Z INFO BrokerMessageListener] Received job status event. JobState: Online
[2026-04-02 08:34:43Z WARN GitHubActionsService] GET request to https://broker.actions.githubusercontent.com/message?sessionId=12e3f56b-717c-4a4f-9867-29c1db0b9174&status=Busy&runnerVersion=2.333.1&os=Windows&architecture=X64&disableUpdate=false has been cancelled.
[2026-04-02 08:34:43Z ERR  BrokerServer] Catch exception during request
[2026-04-02 08:34:43Z ERR  BrokerServer] System.Threading.Tasks.TaskCanceledException: The operation was canceled.
 ---> System.Threading.Tasks.TaskCanceledException: The operation was canceled.
 ---> System.IO.IOException: Unable to read data from the transport connection: 스레드 종료 또는 응용 프로그램 요청 때문에 I/O 작업이 취소되었습니다..
 ---> System.Net.Sockets.SocketException (995): 스레드 종료 또는 응용 프로그램 요청 때문에 I/O 작업이 취소되었습니다.
   --- End of inner exception stack trace ---
   at System.Net.Sockets.Socket.AwaitableSocketAsyncEventArgs.ThrowException(SocketError error, CancellationToken cancellationToken)
   at System.Net.Sockets.Socket.AwaitableSocketAsyncEventArgs.System.Threading.Tasks.Sources.IValueTaskSource<System.Int32>.GetResult(Int16 token)
   at System.Net.Security.SslStream.EnsureFullTlsFrameAsync[TIOAdapter](CancellationToken cancellationToken, Int32 estimatedSize)
   at System.Runtime.CompilerServices.PoolingAsyncValueTaskMethodBuilder`1.StateMachineBox`1.System.Threading.Tasks.Sources.IValueTaskSource<TResult>.GetResult(Int16 token)
   at System.Net.Security.SslStream.ReadAsyncInternal[TIOAdapter](Memory`1 buffer, CancellationToken cancellationToken)
   at System.Runtime.CompilerServices.PoolingAsyncValueTaskMethodBuilder`1.StateMachineBox`1.System.Threading.Tasks.Sources.IValueTaskSource<TResult>.GetResult(Int16 token)
   at System.Net.Http.HttpConnection.SendAsync(HttpRequestMessage request, Boolean async, CancellationToken cancellationToken)
   --- End of inner exception stack trace ---
   at System.Net.Http.HttpConnection.SendAsync(HttpRequestMessage request, Boolean async, CancellationToken cancellationToken)
   at System.Net.Http.AuthenticationHelper.SendWithNtAuthAsync(HttpRequestMessage request, Uri authUri, Boolean async, ICredentials credentials, Boolean isProxyAuth, HttpConnection connection, HttpConnectionPool connectionPool, CancellationToken cancellationToken)
   at System.Net.Http.HttpConnectionPool.SendWithVersionDetectionAndRetryAsync(HttpRequestMessage request, Boolean async, Boolean doRequestAuth, CancellationToken cancellationToken)
   at System.Net.Http.AuthenticationHelper.SendWithAuthAsync(HttpRequestMessage request, Uri authUri, Boolean async, ICredentials credentials, Boolean preAuthenticate, Boolean isProxyAuth, Boolean doRequestAuth, HttpConnectionPool pool, CancellationToken cancellationToken)
   at System.Net.Http.RedirectHandler.SendAsync(HttpRequestMessage request, Boolean async, CancellationToken cancellationToken)
   at GitHub.Services.Common.RawHttpMessageHandler.SendAsync(HttpRequestMessage request, CancellationToken cancellationToken)
   at GitHub.Services.Common.VssHttpRetryMessageHandler.SendAsync(HttpRequestMessage request, CancellationToken cancellationToken)
   at System.Net.Http.HttpClient.<SendAsync>g__Core|83_0(HttpRequestMessage request, HttpCompletionOption completionOption, CancellationTokenSource cts, Boolean disposeCts, CancellationTokenSource pendingRequestsCts, CancellationToken originalCancellationToken)
   --- End of inner exception stack trace ---
   at System.Net.Http.HttpClient.HandleFailure(Exception e, Boolean telemetryStarted, HttpResponseMessage response, CancellationTokenSource cts, CancellationToken cancellationToken, CancellationTokenSource pendingRequestsCts)
   at System.Net.Http.HttpClient.<SendAsync>g__Core|83_0(HttpRequestMessage request, HttpCompletionOption completionOption, CancellationTokenSource cts, Boolean disposeCts, CancellationTokenSource pendingRequestsCts, CancellationToken originalCancellationToken)
   at Sdk.WebApi.WebApi.RawHttpClientBase.SendAsync(HttpRequestMessage message, HttpCompletionOption completionOption, Object userState, CancellationToken cancellationToken)
   at Sdk.WebApi.WebApi.RawHttpClientBase.SendAsync[T](HttpRequestMessage message, Boolean readErrorBody, Object userState, CancellationToken cancellationToken)
   at Sdk.WebApi.WebApi.RawHttpClientBase.SendAsync[T](HttpMethod method, IEnumerable`1 additionalHeaders, Uri requestUri, HttpContent content, IEnumerable`1 queryParameters, Boolean readErrorBody, Object userState, CancellationToken cancellationToken)
   at GitHub.Actions.RunService.WebApi.BrokerHttpClient.GetRunnerMessageAsync(Nullable`1 sessionId, String runnerVersion, Nullable`1 status, String os, String architecture, Nullable`1 disableUpdate, CancellationToken cancellationToken)
   at GitHub.Runner.Common.BrokerServer.<>c__DisplayClass7_0.<<GetRunnerMessageAsync>b__0>d.MoveNext()
--- End of stack trace from previous location ---
   at GitHub.Runner.Common.RunnerService.RetryRequest[T](Func`1 func, CancellationToken cancellationToken, Int32 maxAttempts, Func`2 shouldRetry)
[2026-04-02 08:34:43Z ERR  BrokerServer] #####################################################
[2026-04-02 08:34:43Z ERR  BrokerServer] System.Threading.Tasks.TaskCanceledException: The operation was canceled.
 ---> System.IO.IOException: Unable to read data from the transport connection: 스레드 종료 또는 응용 프로그램 요청 때문에 I/O 작업이 취소되었습니다..
 ---> System.Net.Sockets.SocketException (995): 스레드 종료 또는 응용 프로그램 요청 때문에 I/O 작업이 취소되었습니다.
   --- End of inner exception stack trace ---
   at System.Net.Sockets.Socket.AwaitableSocketAsyncEventArgs.ThrowException(SocketError error, CancellationToken cancellationToken)
   at System.Net.Sockets.Socket.AwaitableSocketAsyncEventArgs.System.Threading.Tasks.Sources.IValueTaskSource<System.Int32>.GetResult(Int16 token)
   at System.Net.Security.SslStream.EnsureFullTlsFrameAsync[TIOAdapter](CancellationToken cancellationToken, Int32 estimatedSize)
   at System.Runtime.CompilerServices.PoolingAsyncValueTaskMethodBuilder`1.StateMachineBox`1.System.Threading.Tasks.Sources.IValueTaskSource<TResult>.GetResult(Int16 token)
   at System.Net.Security.SslStream.ReadAsyncInternal[TIOAdapter](Memory`1 buffer, CancellationToken cancellationToken)
   at System.Runtime.CompilerServices.PoolingAsyncValueTaskMethodBuilder`1.StateMachineBox`1.System.Threading.Tasks.Sources.IValueTaskSource<TResult>.GetResult(Int16 token)
   at System.Net.Http.HttpConnection.SendAsync(HttpRequestMessage request, Boolean async, CancellationToken cancellationToken)
   --- End of inner exception stack trace ---
   at System.Net.Http.HttpConnection.SendAsync(HttpRequestMessage request, Boolean async, CancellationToken cancellationToken)
   at System.Net.Http.AuthenticationHelper.SendWithNtAuthAsync(HttpRequestMessage request, Uri authUri, Boolean async, ICredentials credentials, Boolean isProxyAuth, HttpConnection connection, HttpConnectionPool connectionPool, CancellationToken cancellationToken)
   at System.Net.Http.HttpConnectionPool.SendWithVersionDetectionAndRetryAsync(HttpRequestMessage request, Boolean async, Boolean doRequestAuth, CancellationToken cancellationToken)
   at System.Net.Http.AuthenticationHelper.SendWithAuthAsync(HttpRequestMessage request, Uri authUri, Boolean async, ICredentials credentials, Boolean preAuthenticate, Boolean isProxyAuth, Boolean doRequestAuth, HttpConnectionPool pool, CancellationToken cancellationToken)
   at System.Net.Http.RedirectHandler.SendAsync(HttpRequestMessage request, Boolean async, CancellationToken cancellationToken)
   at GitHub.Services.Common.RawHttpMessageHandler.SendAsync(HttpRequestMessage request, CancellationToken cancellationToken)
   at GitHub.Services.Common.VssHttpRetryMessageHandler.SendAsync(HttpRequestMessage request, CancellationToken cancellationToken)
   at System.Net.Http.HttpClient.<SendAsync>g__Core|83_0(HttpRequestMessage request, HttpCompletionOption completionOption, CancellationTokenSource cts, Boolean disposeCts, CancellationTokenSource pendingRequestsCts, CancellationToken originalCancellationToken)
[2026-04-02 08:34:43Z ERR  BrokerServer] #####################################################
[2026-04-02 08:34:43Z ERR  BrokerServer] System.IO.IOException: Unable to read data from the transport connection: 스레드 종료 또는 응용 프로그램 요청 때문에 I/O 작업이 취소되었습니다..
 ---> System.Net.Sockets.SocketException (995): 스레드 종료 또는 응용 프로그램 요청 때문에 I/O 작업이 취소되었습니다.
   --- End of inner exception stack trace ---
   at System.Net.Sockets.Socket.AwaitableSocketAsyncEventArgs.ThrowException(SocketError error, CancellationToken cancellationToken)
   at System.Net.Sockets.Socket.AwaitableSocketAsyncEventArgs.System.Threading.Tasks.Sources.IValueTaskSource<System.Int32>.GetResult(Int16 token)
   at System.Net.Security.SslStream.EnsureFullTlsFrameAsync[TIOAdapter](CancellationToken cancellationToken, Int32 estimatedSize)
   at System.Runtime.CompilerServices.PoolingAsyncValueTaskMethodBuilder`1.StateMachineBox`1.System.Threading.Tasks.Sources.IValueTaskSource<TResult>.GetResult(Int16 token)
   at System.Net.Security.SslStream.ReadAsyncInternal[TIOAdapter](Memory`1 buffer, CancellationToken cancellationToken)
   at System.Runtime.CompilerServices.PoolingAsyncValueTaskMethodBuilder`1.StateMachineBox`1.System.Threading.Tasks.Sources.IValueTaskSource<TResult>.GetResult(Int16 token)
   at System.Net.Http.HttpConnection.SendAsync(HttpRequestMessage request, Boolean async, CancellationToken cancellationToken)
[2026-04-02 08:34:43Z ERR  BrokerServer] #####################################################
[2026-04-02 08:34:43Z ERR  BrokerServer] System.Net.Sockets.SocketException (995): 스레드 종료 또는 응용 프로그램 요청 때문에 I/O 작업이 취소되었습니다.
[2026-04-02 08:34:43Z WARN BrokerServer] Back off 12.761 seconds before next retry. 4 attempt left.
[2026-04-02 08:34:43Z INFO BrokerMessageListener] Get messages has been cancelled using local token source. Continue to get messages with new status.
[2026-04-02 08:35:32Z INFO Terminal] WRITE LINE: Exiting...
[2026-04-02 08:35:32Z INFO ConfigurationStore] IsServiceConfigured()
[2026-04-02 08:35:32Z INFO ConfigurationStore] IsServiceConfigured: False
[2026-04-02 08:35:32Z INFO HostContext] Runner will be shutdown for UserCancelled
[2026-04-02 08:35:32Z WARN GitHubActionsService] GET request to https://broker.actions.githubusercontent.com/message?sessionId=12e3f56b-717c-4a4f-9867-29c1db0b9174&status=Online&runnerVersion=2.333.1&os=Windows&architecture=X64&disableUpdate=false has been cancelled.
[2026-04-02 08:35:32Z ERR  BrokerServer] Catch exception during request
[2026-04-02 08:35:32Z ERR  BrokerServer] System.Threading.Tasks.TaskCanceledException: The operation was canceled.
 ---> System.Threading.Tasks.TaskCanceledException: The operation was canceled.
 ---> System.IO.IOException: Unable to read data from the transport connection: 스레드 종료 또는 응용 프로그램 요청 때문에 I/O 작업이 취소되었습니다..
 ---> System.Net.Sockets.SocketException (995): 스레드 종료 또는 응용 프로그램 요청 때문에 I/O 작업이 취소되었습니다.
   --- End of inner exception stack trace ---
   at System.Net.Sockets.Socket.AwaitableSocketAsyncEventArgs.ThrowException(SocketError error, CancellationToken cancellationToken)
   at System.Net.Sockets.Socket.AwaitableSocketAsyncEventArgs.System.Threading.Tasks.Sources.IValueTaskSource<System.Int32>.GetResult(Int16 token)
   at System.Net.Security.SslStream.EnsureFullTlsFrameAsync[TIOAdapter](CancellationToken cancellationToken, Int32 estimatedSize)
   at System.Runtime.CompilerServices.PoolingAsyncValueTaskMethodBuilder`1.StateMachineBox`1.System.Threading.Tasks.Sources.IValueTaskSource<TResult>.GetResult(Int16 token)
   at System.Net.Security.SslStream.ReadAsyncInternal[TIOAdapter](Memory`1 buffer, CancellationToken cancellationToken)
   at System.Runtime.CompilerServices.PoolingAsyncValueTaskMethodBuilder`1.StateMachineBox`1.System.Threading.Tasks.Sources.IValueTaskSource<TResult>.GetResult(Int16 token)
   at System.Net.Http.HttpConnection.InitialFillAsync(Boolean async)
   at System.Net.Http.HttpConnection.SendAsync(HttpRequestMessage request, Boolean async, CancellationToken cancellationToken)
   --- End of inner exception stack trace ---
   at System.Net.Http.HttpConnection.SendAsync(HttpRequestMessage request, Boolean async, CancellationToken cancellationToken)
   at System.Net.Http.AuthenticationHelper.SendWithNtAuthAsync(HttpRequestMessage request, Uri authUri, Boolean async, ICredentials credentials, Boolean isProxyAuth, HttpConnection connection, HttpConnectionPool connectionPool, CancellationToken cancellationToken)
   at System.Net.Http.HttpConnectionPool.SendWithVersionDetectionAndRetryAsync(HttpRequestMessage request, Boolean async, Boolean doRequestAuth, CancellationToken cancellationToken)
   at System.Net.Http.AuthenticationHelper.SendWithAuthAsync(HttpRequestMessage request, Uri authUri, Boolean async, ICredentials credentials, Boolean preAuthenticate, Boolean isProxyAuth, Boolean doRequestAuth, HttpConnectionPool pool, CancellationToken cancellationToken)
   at System.Net.Http.RedirectHandler.SendAsync(HttpRequestMessage request, Boolean async, CancellationToken cancellationToken)
   at GitHub.Services.Common.RawHttpMessageHandler.SendAsync(HttpRequestMessage request, CancellationToken cancellationToken)
   at GitHub.Services.Common.VssHttpRetryMessageHandler.SendAsync(HttpRequestMessage request, CancellationToken cancellationToken)
   at System.Net.Http.HttpClient.<SendAsync>g__Core|83_0(HttpRequestMessage request, HttpCompletionOption completionOption, CancellationTokenSource cts, Boolean disposeCts, CancellationTokenSource pendingRequestsCts, CancellationToken originalCancellationToken)
   --- End of inner exception stack trace ---
   at System.Net.Http.HttpClient.HandleFailure(Exception e, Boolean telemetryStarted, HttpResponseMessage response, CancellationTokenSource cts, CancellationToken cancellationToken, CancellationTokenSource pendingRequestsCts)
   at System.Net.Http.HttpClient.<SendAsync>g__Core|83_0(HttpRequestMessage request, HttpCompletionOption completionOption, CancellationTokenSource cts, Boolean disposeCts, CancellationTokenSource pendingRequestsCts, CancellationToken originalCancellationToken)
   at Sdk.WebApi.WebApi.RawHttpClientBase.SendAsync(HttpRequestMessage message, HttpCompletionOption completionOption, Object userState, CancellationToken cancellationToken)
   at Sdk.WebApi.WebApi.RawHttpClientBase.SendAsync[T](HttpRequestMessage message, Boolean readErrorBody, Object userState, CancellationToken cancellationToken)
   at Sdk.WebApi.WebApi.RawHttpClientBase.SendAsync[T](HttpMethod method, IEnumerable`1 additionalHeaders, Uri requestUri, HttpContent content, IEnumerable`1 queryParameters, Boolean readErrorBody, Object userState, CancellationToken cancellationToken)
   at GitHub.Actions.RunService.WebApi.BrokerHttpClient.GetRunnerMessageAsync(Nullable`1 sessionId, String runnerVersion, Nullable`1 status, String os, String architecture, Nullable`1 disableUpdate, CancellationToken cancellationToken)
   at GitHub.Runner.Common.BrokerServer.<>c__DisplayClass7_0.<<GetRunnerMessageAsync>b__0>d.MoveNext()
--- End of stack trace from previous location ---
   at GitHub.Runner.Common.RunnerService.RetryRequest[T](Func`1 func, CancellationToken cancellationToken, Int32 maxAttempts, Func`2 shouldRetry)
[2026-04-02 08:35:32Z ERR  BrokerServer] #####################################################
[2026-04-02 08:35:32Z ERR  BrokerServer] System.Threading.Tasks.TaskCanceledException: The operation was canceled.
 ---> System.IO.IOException: Unable to read data from the transport connection: 스레드 종료 또는 응용 프로그램 요청 때문에 I/O 작업이 취소되었습니다..
 ---> System.Net.Sockets.SocketException (995): 스레드 종료 또는 응용 프로그램 요청 때문에 I/O 작업이 취소되었습니다.
   --- End of inner exception stack trace ---
   at System.Net.Sockets.Socket.AwaitableSocketAsyncEventArgs.ThrowException(SocketError error, CancellationToken cancellationToken)
   at System.Net.Sockets.Socket.AwaitableSocketAsyncEventArgs.System.Threading.Tasks.Sources.IValueTaskSource<System.Int32>.GetResult(Int16 token)
   at System.Net.Security.SslStream.EnsureFullTlsFrameAsync[TIOAdapter](CancellationToken cancellationToken, Int32 estimatedSize)
   at System.Runtime.CompilerServices.PoolingAsyncValueTaskMethodBuilder`1.StateMachineBox`1.System.Threading.Tasks.Sources.IValueTaskSource<TResult>.GetResult(Int16 token)
   at System.Net.Security.SslStream.ReadAsyncInternal[TIOAdapter](Memory`1 buffer, CancellationToken cancellationToken)
   at System.Runtime.CompilerServices.PoolingAsyncValueTaskMethodBuilder`1.StateMachineBox`1.System.Threading.Tasks.Sources.IValueTaskSource<TResult>.GetResult(Int16 token)
   at System.Net.Http.HttpConnection.InitialFillAsync(Boolean async)
   at System.Net.Http.HttpConnection.SendAsync(HttpRequestMessage request, Boolean async, CancellationToken cancellationToken)
   --- End of inner exception stack trace ---
   at System.Net.Http.HttpConnection.SendAsync(HttpRequestMessage request, Boolean async, CancellationToken cancellationToken)
   at System.Net.Http.AuthenticationHelper.SendWithNtAuthAsync(HttpRequestMessage request, Uri authUri, Boolean async, ICredentials credentials, Boolean isProxyAuth, HttpConnection connection, HttpConnectionPool connectionPool, CancellationToken cancellationToken)
   at System.Net.Http.HttpConnectionPool.SendWithVersionDetectionAndRetryAsync(HttpRequestMessage request, Boolean async, Boolean doRequestAuth, CancellationToken cancellationToken)
   at System.Net.Http.AuthenticationHelper.SendWithAuthAsync(HttpRequestMessage request, Uri authUri, Boolean async, ICredentials credentials, Boolean preAuthenticate, Boolean isProxyAuth, Boolean doRequestAuth, HttpConnectionPool pool, CancellationToken cancellationToken)
   at System.Net.Http.RedirectHandler.SendAsync(HttpRequestMessage request, Boolean async, CancellationToken cancellationToken)
   at GitHub.Services.Common.RawHttpMessageHandler.SendAsync(HttpRequestMessage request, CancellationToken cancellationToken)
   at GitHub.Services.Common.VssHttpRetryMessageHandler.SendAsync(HttpRequestMessage request, CancellationToken cancellationToken)
   at System.Net.Http.HttpClient.<SendAsync>g__Core|83_0(HttpRequestMessage request, HttpCompletionOption completionOption, CancellationTokenSource cts, Boolean disposeCts, CancellationTokenSource pendingRequestsCts, CancellationToken originalCancellationToken)
[2026-04-02 08:35:32Z ERR  BrokerServer] #####################################################
[2026-04-02 08:35:32Z ERR  BrokerServer] System.IO.IOException: Unable to read data from the transport connection: 스레드 종료 또는 응용 프로그램 요청 때문에 I/O 작업이 취소되었습니다..
 ---> System.Net.Sockets.SocketException (995): 스레드 종료 또는 응용 프로그램 요청 때문에 I/O 작업이 취소되었습니다.
   --- End of inner exception stack trace ---
   at System.Net.Sockets.Socket.AwaitableSocketAsyncEventArgs.ThrowException(SocketError error, CancellationToken cancellationToken)
   at System.Net.Sockets.Socket.AwaitableSocketAsyncEventArgs.System.Threading.Tasks.Sources.IValueTaskSource<System.Int32>.GetResult(Int16 token)
   at System.Net.Security.SslStream.EnsureFullTlsFrameAsync[TIOAdapter](CancellationToken cancellationToken, Int32 estimatedSize)
   at System.Runtime.CompilerServices.PoolingAsyncValueTaskMethodBuilder`1.StateMachineBox`1.System.Threading.Tasks.Sources.IValueTaskSource<TResult>.GetResult(Int16 token)
   at System.Net.Security.SslStream.ReadAsyncInternal[TIOAdapter](Memory`1 buffer, CancellationToken cancellationToken)
   at System.Runtime.CompilerServices.PoolingAsyncValueTaskMethodBuilder`1.StateMachineBox`1.System.Threading.Tasks.Sources.IValueTaskSource<TResult>.GetResult(Int16 token)
   at System.Net.Http.HttpConnection.InitialFillAsync(Boolean async)
   at System.Net.Http.HttpConnection.SendAsync(HttpRequestMessage request, Boolean async, CancellationToken cancellationToken)
[2026-04-02 08:35:32Z ERR  BrokerServer] #####################################################
[2026-04-02 08:35:32Z ERR  BrokerServer] System.Net.Sockets.SocketException (995): 스레드 종료 또는 응용 프로그램 요청 때문에 I/O 작업이 취소되었습니다.
[2026-04-02 08:35:32Z WARN BrokerServer] Back off 10.244 seconds before next retry. 4 attempt left.
[2026-04-02 08:35:32Z INFO BrokerMessageListener] Get next message has been cancelled.
[2026-04-02 08:35:32Z INFO JobDispatcher] Shutting down JobDispatcher. Make sure all WorkerDispatcher has finished.
[2026-04-02 08:35:32Z INFO JobDispatcher] Ensure WorkerDispatcher for job a22db9e0-f820-55ac-b428-99265746fa3c run to finish, cancel any running job.
[2026-04-02 08:35:32Z INFO JobDispatcher] Job request a22db9e0-f820-55ac-b428-99265746fa3c processed succeed.
[2026-04-02 08:35:32Z INFO Runner] Deleting Runner Session...
[2026-04-02 08:35:33Z INFO Listener] Runner execution been cancelled.
