[2026-04-02 08:34:35Z INFO HostContext] No proxy settings were found based on environmental variables (http_proxy/https_proxy/HTTP_PROXY/HTTPS_PROXY)
[2026-04-02 08:34:35Z INFO HostContext] Well known directory 'Bin': 'C:\Users\kje02\Antigravity HW2\actions-runner\bin'
[2026-04-02 08:34:35Z INFO HostContext] Well known directory 'Root': 'C:\Users\kje02\Antigravity HW2\actions-runner'
[2026-04-02 08:34:35Z INFO HostContext] Well known config file 'Credentials': 'C:\Users\kje02\Antigravity HW2\actions-runner\.credentials'
[2026-04-02 08:34:35Z INFO HostContext] Well known directory 'Bin': 'C:\Users\kje02\Antigravity HW2\actions-runner\bin'
[2026-04-02 08:34:35Z INFO HostContext] Well known directory 'Root': 'C:\Users\kje02\Antigravity HW2\actions-runner'
[2026-04-02 08:34:35Z INFO HostContext] Well known config file 'Runner': 'C:\Users\kje02\Antigravity HW2\actions-runner\.runner'
[2026-04-02 08:34:35Z INFO Worker] Version: 2.333.1
[2026-04-02 08:34:35Z INFO Worker] Commit: 6792966801e8925346735b68c03bf9f347af4646
[2026-04-02 08:34:35Z INFO Worker] Culture: ko-KR
[2026-04-02 08:34:35Z INFO Worker] UI Culture: ko-KR
[2026-04-02 08:34:35Z INFO Worker] Waiting to receive the job message from the channel.
[2026-04-02 08:34:35Z INFO ProcessChannel] Receiving message of length 20780, with hash '5f41b156e9252c464aa30a7f865907b27e7048c0f4a6193c29fe34b144403b90'
[2026-04-02 08:34:35Z INFO Worker] Message received.
[2026-04-02 08:34:35Z INFO Worker] Job message:
 {
  "fileTable": [
    ".github/workflows/ci.yml"
  ],
  "mask": [
    {
      "type": "regex",
      "value": "***"
    },
    {
      "type": "regex",
      "value": "***"
    },
    {
      "type": "regex",
      "value": "***"
    },
    {
      "type": "regex",
      "value": "***"
    },
    {
      "type": "regex",
      "value": "***"
    },
    {
      "type": "regex",
      "value": "***"
    },
    {
      "type": "regex",
      "value": "***"
    },
    {
      "type": "regex",
      "value": "***"
    },
    {
      "type": "regex",
      "value": "***"
    },
    {
      "type": "regex",
      "value": "***"
    },
    {
      "type": "regex",
      "value": "***"
    },
    {
      "type": "regex",
      "value": "***"
    },
    {
      "type": "regex",
      "value": "***"
    },
    {
      "type": "regex",
      "value": "***"
    },
    {
      "type": "regex",
      "value": "***"
    },
    {
      "type": "regex",
      "value": "***"
    },
    {
      "type": "regex",
      "value": "***"
    },
    {
      "type": "regex",
      "value": "***"
    }
  ],
  "steps": [
    {
      "type": "action",
      "reference": {
        "type": "script"
      },
      "displayNameToken": {
        "type": 0,
        "file": 1,
        "line": 43,
        "col": 15,
        "lit": "Pull Docker Image"
      },
      "contextName": "__run",
      "inputs": {
        "type": 2,
        "map": [
          {
            "key": "script",
            "value": {
              "type": 3,
              "file": 1,
              "line": 44,
              "col": 14,
              "expr": "format('docker pull {0}/sentiment-diary:latest', secrets.DOCKERHUB_USERNAME)"
            }
          }
        ]
      },
      "condition": "success()",
      "id": "6735d6ad-afd8-4f35-a885-6d7d8fd6c69d",
      "name": "__run"
    },
    {
      "type": "action",
      "reference": {
        "type": "script"
      },
      "displayNameToken": {
        "type": 0,
        "file": 1,
        "line": 46,
        "col": 15,
        "lit": "Stop existing container"
      },
      "contextName": "__run_2",
      "inputs": {
        "type": 2,
        "map": [
          {
            "key": "script",
            "value": {
              "type": 0,
              "file": 1,
              "line": 48,
              "col": 14,
              "lit": "docker stop sentiment-diary-container"
            }
          }
        ]
      },
      "condition": "success()",
      "continueOnError": {
        "type": 5,
        "file": 1,
        "line": 47,
        "col": 28,
        "bool": true
      },
      "id": "ced44325-25bc-4ca9-b310-34fdcbae4e04",
      "name": "__run_2"
    },
    {
      "type": "action",
      "reference": {
        "type": "script"
      },
      "displayNameToken": {
        "type": 0,
        "file": 1,
        "line": 50,
        "col": 15,
        "lit": "Remove existing container"
      },
      "contextName": "__run_3",
      "inputs": {
        "type": 2,
        "map": [
          {
            "key": "script",
            "value": {
              "type": 0,
              "file": 1,
              "line": 52,
              "col": 14,
              "lit": "docker rm sentiment-diary-container"
            }
          }
        ]
      },
      "condition": "success()",
      "continueOnError": {
        "type": 5,
        "file": 1,
        "line": 51,
        "col": 28,
        "bool": true
      },
      "id": "4455118d-9ccc-4c51-ac4f-10c896edcfc4",
      "name": "__run_3"
    },
    {
      "type": "action",
      "reference": {
        "type": "script"
      },
      "displayNameToken": {
        "type": 0,
        "file": 1,
        "line": 54,
        "col": 15,
        "lit": "Run new container"
      },
      "contextName": "__run_4",
      "inputs": {
        "type": 2,
        "map": [
          {
            "key": "script",
            "value": {
              "type": 3,
              "file": 1,
              "line": 55,
              "col": 14,
              "expr": "format('docker run -d -p 8000:8000 --name sentiment-diary-container {0}/sentiment-diary:latest', secrets.DOCKERHUB_USERNAME)"
            }
          }
        ]
      },
      "condition": "success()",
      "id": "a70ee3e6-25e5-4cd9-9307-6df5ecbb340e",
      "name": "__run_4"
    }
  ],
  "variables": {
    "Actions.EnableHttpRedirects": {
      "value": "true"
    },
    "DOCKERHUB_USERNAME": {
      "value": "***",
      "isSecret": true
    },
    "DistributedTask.AddWarningToNode12Action": {
      "value": "true"
    },
    "DistributedTask.AddWarningToNode16Action": {
      "value": "true"
    },
    "DistributedTask.AllowRunnerContainerHooks": {
      "value": "true"
    },
    "DistributedTask.DeprecateStepOutputCommands": {
      "value": "true"
    },
    "DistributedTask.DetailUntarFailure": {
      "value": "true"
    },
    "DistributedTask.EnableCompositeActions": {
      "value": "true"
    },
    "DistributedTask.EnableJobServerQueueTelemetry": {
      "value": "true"
    },
    "DistributedTask.EnhancedAnnotations": {
      "value": "true"
    },
    "DistributedTask.ForceGithubJavascriptActionsToNode16": {
      "value": "true"
    },
    "DistributedTask.ForceGithubJavascriptActionsToNode20": {
      "value": "true"
    },
    "DistributedTask.LogTemplateErrorsAsDebugMessages": {
      "value": "true"
    },
    "DistributedTask.MarkJobAsFailedOnWorkerCrash": {
      "value": "true"
    },
    "DistributedTask.NewActionMetadata": {
      "value": "true"
    },
    "DistributedTask.UploadStepSummary": {
      "value": "true"
    },
    "DistributedTask.UseActionArchiveCache": {
      "value": "true"
    },
    "DistributedTask.UseWhich2": {
      "value": "true"
    },
    "RunService.FixEmbeddedIssues": {
      "value": "true"
    },
    "actions.runner.requirenode24": {
      "value": "false"
    },
    "actions.runner.usenode24bydefault": {
      "value": "false"
    },
    "actions.runner.warnonnode20": {
      "value": "true"
    },
    "actions_add_check_run_id_to_job_context": {
      "value": "true"
    },
    "actions_batch_action_resolution": {
      "value": "false"
    },
    "actions_container_action_runner_temp": {
      "value": "true"
    },
    "actions_display_helpful_actions_download_errors": {
      "value": "true"
    },
    "actions_runner_compare_workflow_parser": {
      "value": "false"
    },
    "actions_runner_deprecate_linux_arm32": {
      "value": "false"
    },
    "actions_runner_emit_composite_markers": {
      "value": "false"
    },
    "actions_runner_kill_linux_arm32": {
      "value": "false"
    },
    "actions_runner_node20_removal_date": {
      "value": ""
    },
    "actions_runner_node24_default_date": {
      "value": ""
    },
    "actions_service_container_command": {
      "value": "true"
    },
    "actions_set_orchestration_id_env_for_actions": {
      "value": "true"
    },
    "actions_skip_retry_complete_job_upon_known_errors": {
      "value": "true"
    },
    "actions_snapshot_preflight_hosted_runner_check": {
      "value": "false"
    },
    "actions_snapshot_preflight_image_gen_pool_check": {
      "value": "false"
    },
    "actions_use_bearer_token_for_codeload": {
      "value": "false"
    },
    "actions_uses_cache_service_v2": {
      "value": "true"
    },
    "github_token": {
      "value": "***",
      "isSecret": true
    },
    "system.from_run_service": {
      "value": "true"
    },
    "system.github.job": {
      "value": "deploy"
    },
    "system.github.launch_endpoint": {
      "value": "https://launch.actions.githubusercontent.com"
    },
    "system.github.results_endpoint": {
      "value": "https://results-receiver.actions.githubusercontent.com/"
    },
    "system.github.results_upload_with_sdk": {
      "value": "true"
    },
    "system.github.token": {
      "value": "***",
      "isSecret": true
    },
    "system.github.token.permissions": {
      "value": "{\"Contents\":\"read\",\"Metadata\":\"read\",\"Packages\":\"read\"}"
    },
    "system.orchestrationId": {
      "value": "00f2d38f-4afa-443a-a2ad-07efb1efdf29.deploy.__default"
    },
    "system.phaseDisplayName": {
      "value": "deploy"
    },
    "system.runner.lowdiskspacethreshold": {
      "value": "100"
    },
    "system.runnerEnvironment": {
      "value": "self-hosted"
    },
    "system.runnerGroupName": {
      "value": "Default"
    }
  },
  "messageType": "RunnerJobRequest",
  "plan": {
    "scopeIdentifier": "00000000-0000-0000-0000-000000000000",
    "planType": "actions",
    "version": 0,
    "planId": "00f2d38f-4afa-443a-a2ad-07efb1efdf29",
    "planGroup": null,
    "artifactUri": null,
    "artifactLocation": null,
    "definition": null,
    "owner": null
  },
  "timeline": {
    "id": "00f2d38f-4afa-443a-a2ad-07efb1efdf29",
    "changeId": 0,
    "location": null
  },
  "jobId": "a22db9e0-f820-55ac-b428-99265746fa3c",
  "jobDisplayName": "deploy",
  "jobName": "__default",
  "requestId": 0,
  "lockedUntil": "0001-01-01T00:00:00",
  "resources": {
    "endpoints": [
      {
        "data": {
          "ServerId": "",
          "ServerName": "",
          "CacheServerUrl": "https://artifactcache.actions.githubusercontent.com/MXr7QrFePo644aIi7OAsejIk5B6wusHal4ktfjJV3mR5Do3fVk/",
          "FeedStreamUrl": "wss://results-receiver.actions.githubusercontent.com/_ws/ingest.sock",
          "ResultsServiceUrl": "https://results-receiver.actions.githubusercontent.com/",
          "PipelinesServiceUrl": "https://pipelinesghubeus3.actions.githubusercontent.com/MXr7QrFePo644aIi7OAsejIk5B6wusHal4ktfjJV3mR5Do3fVk/",
          "GenerateIdTokenUrl": "",
          "ConnectivityChecks": "[\"https://broker.actions.githubusercontent.com/health\",\"https://token.actions.githubusercontent.com/ready\",\"https://run.actions.githubusercontent.com/health\"]"
        },
        "name": "SystemVssConnection",
        "url": "https://run-actions-2-azure-eastus.actions.githubusercontent.com/192/",
        "authorization": {
          "parameters": {
            "AccessToken": "***"
          },
          "scheme": "OAuth"
        },
        "isShared": false,
        "isReady": true
      }
    ]
  },
  "contextData": {
    "github": {
      "t": 2,
      "d": [
        {
          "k": "ref",
          "v": "refs/heads/main"
        },
        {
          "k": "sha",
          "v": "f9f6775a0e7e36dfcaee6747d9c693de0793f277"
        },
        {
          "k": "repository",
          "v": "***/HW2"
        },
        {
          "k": "repository_owner",
          "v": "***"
        },
        {
          "k": "repository_owner_id",
          "v": "272457834"
        },
        {
          "k": "repositoryUrl",
          "v": "git://github.com/***/HW2.git"
        },
        {
          "k": "run_id",
          "v": "23891703560"
        },
        {
          "k": "run_number",
          "v": "2"
        },
        {
          "k": "retention_days",
          "v": "90"
        },
        {
          "k": "run_attempt",
          "v": "1"
        },
        {
          "k": "artifact_cache_size_limit",
          "v": "10"
        },
        {
          "k": "repository_visibility",
          "v": "public"
        },
        {
          "k": "actor_id",
          "v": "272457834"
        },
        {
          "k": "actor",
          "v": "***"
        },
        {
          "k": "workflow",
          "v": "Build and Push Docker Image"
        },
        {
          "k": "head_ref",
          "v": ""
        },
        {
          "k": "base_ref",
          "v": ""
        },
        {
          "k": "event_name",
          "v": "push"
        },
        {
          "k": "server_url",
          "v": "https://github.com"
        },
        {
          "k": "api_url",
          "v": "https://api.github.com"
        },
        {
          "k": "graphql_url",
          "v": "https://api.github.com/graphql"
        },
        {
          "k": "ref_name",
          "v": "main"
        },
        {
          "k": "ref_protected",
          "v": false
        },
        {
          "k": "ref_type",
          "v": "branch"
        },
        {
          "k": "secret_source",
          "v": "Actions"
        },
        {
          "k": "event",
          "v": {
            "t": 2,
            "d": [
              {
                "k": "after",
                "v": "f9f6775a0e7e36dfcaee6747d9c693de0793f277"
              },
              {
                "k": "base_ref",
                "v": null
              },
              {
                "k": "before",
                "v": "2ecc09739e8a76b7311269e2fc8be66263c785b1"
              },
              {
                "k": "commits",
                "v": {
                  "t": 1,
                  "a": [
                    {
                      "t": 2,
                      "d": [
                        {
                          "k": "author",
                          "v": {
                            "t": 2,
                            "d": [
                              {
                                "k": "email",
                                "v": "***@gmail.com"
                              },
                              {
                                "k": "name",
                                "v": "***"
                              },
                              {
                                "k": "username",
                                "v": "***"
                              }
                            ]
                          }
                        },
                        {
                          "k": "committer",
                          "v": {
                            "t": 2,
                            "d": [
                              {
                                "k": "email",
                                "v": "***@gmail.com"
                              },
                              {
                                "k": "name",
                                "v": "***"
                              },
                              {
                                "k": "username",
                                "v": "***"
                              }
                            ]
                          }
                        },
                        {
                          "k": "distinct",
                          "v": true
                        },
                        {
                          "k": "id",
                          "v": "f9f6775a0e7e36dfcaee6747d9c693de0793f277"
                        },
                        {
                          "k": "message",
                          "v": "Feat: Add CD workflow and deploy to self-hosted runner"
                        },
                        {
                          "k": "timestamp",
                          "v": "2026-04-02T17:27:08+09:00"
                        },
                        {
                          "k": "tree_id",
                          "v": "34a32a1d24e4bd0ff82a6f0f468dbb2c27a767aa"
                        },
                        {
                          "k": "url",
                          "v": "https://github.com/***/HW2/commit/f9f6775a0e7e36dfcaee6747d9c693de0793f277"
                        }
                      ]
                    }
                  ]
                }
              },
              {
                "k": "compare",
                "v": "https://github.com/***/HW2/compare/2ecc09739e8a...f9f6775a0e7e"
              },
              {
                "k": "created",
                "v": false
              },
              {
                "k": "deleted",
                "v": false
              },
              {
                "k": "forced",
                "v": false
              },
              {
                "k": "head_commit",
                "v": {
                  "t": 2,
                  "d": [
                    {
                      "k": "author",
                      "v": {
                        "t": 2,
                        "d": [
                          {
                            "k": "email",
                            "v": "***@gmail.com"
                          },
                          {
                            "k": "name",
                            "v": "***"
                          },
                          {
                            "k": "username",
                            "v": "***"
                          }
                        ]
                      }
                    },
                    {
                      "k": "committer",
                      "v": {
                        "t": 2,
                        "d": [
                          {
                            "k": "email",
                            "v": "***@gmail.com"
                          },
                          {
                            "k": "name",
                            "v": "***"
                          },
                          {
                            "k": "username",
                            "v": "***"
                          }
                        ]
                      }
                    },
                    {
                      "k": "distinct",
                      "v": true
                    },
                    {
                      "k": "id",
                      "v": "f9f6775a0e7e36dfcaee6747d9c693de0793f277"
                    },
                    {
                      "k": "message",
                      "v": "Feat: Add CD workflow and deploy to self-hosted runner"
                    },
                    {
                      "k": "timestamp",
                      "v": "2026-04-02T17:27:08+09:00"
                    },
                    {
                      "k": "tree_id",
                      "v": "34a32a1d24e4bd0ff82a6f0f468dbb2c27a767aa"
                    },
                    {
                      "k": "url",
                      "v": "https://github.com/***/HW2/commit/f9f6775a0e7e36dfcaee6747d9c693de0793f277"
                    }
                  ]
                }
              },
              {
                "k": "pusher",
                "v": {
                  "t": 2,
                  "d": [
                    {
                      "k": "email",
                      "v": "***@gmail.com"
                    },
                    {
                      "k": "name",
                      "v": "***"
                    }
                  ]
                }
              },
              {
                "k": "ref",
                "v": "refs/heads/main"
              },
              {
                "k": "repository",
                "v": {
                  "t": 2,
                  "d": [
                    {
                      "k": "allow_forking",
                      "v": true
                    },
                    {
                      "k": "archive_url",
                      "v": "https://api.github.com/repos/***/HW2/{archive_format}{/ref}"
                    },
                    {
                      "k": "archived",
                      "v": false
                    },
                    {
                      "k": "assignees_url",
                      "v": "https://api.github.com/repos/***/HW2/assignees{/user}"
                    },
                    {
                      "k": "blobs_url",
                      "v": "https://api.github.com/repos/***/HW2/git/blobs{/sha}"
                    },
                    {
                      "k": "branches_url",
                      "v": "https://api.github.com/repos/***/HW2/branches{/branch}"
                    },
                    {
                      "k": "clone_url",
                      "v": "https://github.com/***/HW2.git"
                    },
                    {
                      "k": "collaborators_url",
                      "v": "https://api.github.com/repos/***/HW2/collaborators{/collaborator}"
                    },
                    {
                      "k": "comments_url",
                      "v": "https://api.github.com/repos/***/HW2/comments{/number}"
                    },
                    {
                      "k": "commits_url",
                      "v": "https://api.github.com/repos/***/HW2/commits{/sha}"
                    },
                    {
                      "k": "compare_url",
                      "v": "https://api.github.com/repos/***/HW2/compare/{base}...{head}"
                    },
                    {
                      "k": "contents_url",
                      "v": "https://api.github.com/repos/***/HW2/contents/{+path}"
                    },
                    {
                      "k": "contributors_url",
                      "v": "https://api.github.com/repos/***/HW2/contributors"
                    },
                    {
                      "k": "created_at",
                      "v": 1774946131.0
                    },
                    {
                      "k": "default_branch",
                      "v": "main"
                    },
                    {
                      "k": "deployments_url",
                      "v": "https://api.github.com/repos/***/HW2/deployments"
                    },
                    {
                      "k": "description",
                      "v": null
                    },
                    {
                      "k": "disabled",
                      "v": false
                    },
                    {
                      "k": "downloads_url",
                      "v": "https://api.github.com/repos/***/HW2/downloads"
                    },
                    {
                      "k": "events_url",
                      "v": "https://api.github.com/repos/***/HW2/events"
                    },
                    {
                      "k": "fork",
                      "v": false
                    },
                    {
                      "k": "forks",
                      "v": 0.0
                    },
                    {
                      "k": "forks_count",
                      "v": 0.0
                    },
                    {
                      "k": "forks_url",
                      "v": "https://api.github.com/repos/***/HW2/forks"
                    },
                    {
                      "k": "full_name",
                      "v": "***/HW2"
                    },
                    {
                      "k": "git_commits_url",
                      "v": "https://api.github.com/repos/***/HW2/git/commits{/sha}"
                    },
                    {
                      "k": "git_refs_url",
                      "v": "https://api.github.com/repos/***/HW2/git/refs{/sha}"
                    },
                    {
                      "k": "git_tags_url",
                      "v": "https://api.github.com/repos/***/HW2/git/tags{/sha}"
                    },
                    {
                      "k": "git_url",
                      "v": "git://github.com/***/HW2.git"
                    },
                    {
                      "k": "has_discussions",
                      "v": false
                    },
                    {
                      "k": "has_downloads",
                      "v": true
                    },
                    {
                      "k": "has_issues",
                      "v": true
                    },
                    {
                      "k": "has_pages",
                      "v": false
                    },
                    {
                      "k": "has_projects",
                      "v": true
                    },
                    {
                      "k": "has_pull_requests",
                      "v": true
                    },
                    {
                      "k": "has_wiki",
                      "v": true
                    },
                    {
                      "k": "homepage",
                      "v": null
                    },
                    {
                      "k": "hooks_url",
                      "v": "https://api.github.com/repos/***/HW2/hooks"
                    },
                    {
                      "k": "html_url",
                      "v": "https://github.com/***/HW2"
                    },
                    {
                      "k": "id",
                      "v": 1197001240.0
                    },
                    {
                      "k": "is_template",
                      "v": false
                    },
                    {
                      "k": "issue_comment_url",
                      "v": "https://api.github.com/repos/***/HW2/issues/comments{/number}"
                    },
                    {
                      "k": "issue_events_url",
                      "v": "https://api.github.com/repos/***/HW2/issues/events{/number}"
                    },
                    {
                      "k": "issues_url",
                      "v": "https://api.github.com/repos/***/HW2/issues{/number}"
                    },
                    {
                      "k": "keys_url",
                      "v": "https://api.github.com/repos/***/HW2/keys{/key_id}"
                    },
                    {
                      "k": "labels_url",
                      "v": "https://api.github.com/repos/***/HW2/labels{/name}"
                    },
                    {
                      "k": "language",
                      "v": "JavaScript"
                    },
                    {
                      "k": "languages_url",
                      "v": "https://api.github.com/repos/***/HW2/languages"
                    },
                    {
                      "k": "license",
                      "v": null
                    },
                    {
                      "k": "master_branch",
                      "v": "main"
                    },
                    {
                      "k": "merges_url",
                      "v": "https://api.github.com/repos/***/HW2/merges"
                    },
                    {
                      "k": "milestones_url",
                      "v": "https://api.github.com/repos/***/HW2/milestones{/number}"
                    },
                    {
                      "k": "mirror_url",
                      "v": null
                    },
                    {
                      "k": "name",
                      "v": "HW2"
                    },
                    {
                      "k": "node_id",
                      "v": "R_kgDOR1jKGA"
                    },
                    {
                      "k": "notifications_url",
                      "v": "https://api.github.com/repos/***/HW2/notifications{?since,all,participating}"
                    },
                    {
                      "k": "open_issues",
                      "v": 0.0
                    },
                    {
                      "k": "open_issues_count",
                      "v": 0.0
                    },
                    {
                      "k": "owner",
                      "v": {
                        "t": 2,
                        "d": [
                          {
                            "k": "avatar_url",
                            "v": "https://avatars.githubusercontent.com/u/272457834?v=4"
                          },
                          {
                            "k": "email",
                            "v": "***@gmail.com"
                          },
                          {
                            "k": "events_url",
                            "v": "https://api.github.com/users/***/events{/privacy}"
                          },
                          {
                            "k": "followers_url",
                            "v": "https://api.github.com/users/***/followers"
                          },
                          {
                            "k": "following_url",
                            "v": "https://api.github.com/users/***/following{/other_user}"
                          },
                          {
                            "k": "gists_url",
                            "v": "https://api.github.com/users/***/gists{/gist_id}"
                          },
                          {
                            "k": "gravatar_id",
                            "v": ""
                          },
                          {
                            "k": "html_url",
                            "v": "https://github.com/***"
                          },
                          {
                            "k": "id",
                            "v": 272457834.0
                          },
                          {
                            "k": "login",
                            "v": "***"
                          },
                          {
                            "k": "name",
                            "v": "***"
                          },
                          {
                            "k": "node_id",
                            "v": "U_kgDOED1gag"
                          },
                          {
                            "k": "organizations_url",
                            "v": "https://api.github.com/users/***/orgs"
                          },
                          {
                            "k": "received_events_url",
                            "v": "https://api.github.com/users/***/received_events"
                          },
                          {
                            "k": "repos_url",
                            "v": "https://api.github.com/users/***/repos"
                          },
                          {
                            "k": "site_admin",
                            "v": false
                          },
                          {
                            "k": "starred_url",
                            "v": "https://api.github.com/users/***/starred{/owner}{/repo}"
                          },
                          {
                            "k": "subscriptions_url",
                            "v": "https://api.github.com/users/***/subscriptions"
                          },
                          {
                            "k": "type",
                            "v": "User"
                          },
                          {
                            "k": "url",
                            "v": "https://api.github.com/users/***"
                          },
                          {
                            "k": "user_view_type",
                            "v": "public"
                          }
                        ]
                      }
                    },
                    {
                      "k": "private",
                      "v": false
                    },
                    {
                      "k": "pull_request_creation_policy",
                      "v": "all"
                    },
                    {
                      "k": "pulls_url",
                      "v": "https://api.github.com/repos/***/HW2/pulls{/number}"
                    },
                    {
                      "k": "pushed_at",
                      "v": 1775118835.0
                    },
                    {
                      "k": "releases_url",
                      "v": "https://api.github.com/repos/***/HW2/releases{/id}"
                    },
                    {
                      "k": "size",
                      "v": 10.0
                    },
                    {
                      "k": "ssh_url",
                      "v": "git@github.com:***/HW2.git"
                    },
                    {
                      "k": "stargazers",
                      "v": 0.0
                    },
                    {
                      "k": "stargazers_count",
                      "v": 0.0
                    },
                    {
                      "k": "stargazers_url",
                      "v": "https://api.github.com/repos/***/HW2/stargazers"
                    },
                    {
                      "k": "statuses_url",
                      "v": "https://api.github.com/repos/***/HW2/statuses/{sha}"
                    },
                    {
                      "k": "subscribers_url",
                      "v": "https://api.github.com/repos/***/HW2/subscribers"
                    },
                    {
                      "k": "subscription_url",
                      "v": "https://api.github.com/repos/***/HW2/subscription"
                    },
                    {
                      "k": "svn_url",
                      "v": "https://github.com/***/HW2"
                    },
                    {
                      "k": "tags_url",
                      "v": "https://api.github.com/repos/***/HW2/tags"
                    },
                    {
                      "k": "teams_url",
                      "v": "https://api.github.com/repos/***/HW2/teams"
                    },
                    {
                      "k": "topics",
                      "v": {
                        "t": 1
                      }
                    },
                    {
                      "k": "trees_url",
                      "v": "https://api.github.com/repos/***/HW2/git/trees{/sha}"
                    },
                    {
                      "k": "updated_at",
                      "v": "2026-04-01T07:03:45Z"
                    },
                    {
                      "k": "url",
                      "v": "https://api.github.com/repos/***/HW2"
                    },
                    {
                      "k": "visibility",
                      "v": "public"
                    },
                    {
                      "k": "watchers",
                      "v": 0.0
                    },
                    {
                      "k": "watchers_count",
                      "v": 0.0
                    },
                    {
                      "k": "web_commit_signoff_required",
                      "v": false
                    }
                  ]
                }
              },
              {
                "k": "sender",
                "v": {
                  "t": 2,
                  "d": [
                    {
                      "k": "avatar_url",
                      "v": "https://avatars.githubusercontent.com/u/272457834?v=4"
                    },
                    {
                      "k": "events_url",
                      "v": "https://api.github.com/users/***/events{/privacy}"
                    },
                    {
                      "k": "followers_url",
                      "v": "https://api.github.com/users/***/followers"
                    },
                    {
                      "k": "following_url",
                      "v": "https://api.github.com/users/***/following{/other_user}"
                    },
                    {
                      "k": "gists_url",
                      "v": "https://api.github.com/users/***/gists{/gist_id}"
                    },
                    {
                      "k": "gravatar_id",
                      "v": ""
                    },
                    {
                      "k": "html_url",
                      "v": "https://github.com/***"
                    },
                    {
                      "k": "id",
                      "v": 272457834.0
                    },
                    {
                      "k": "login",
                      "v": "***"
                    },
                    {
                      "k": "node_id",
                      "v": "U_kgDOED1gag"
                    },
                    {
                      "k": "organizations_url",
                      "v": "https://api.github.com/users/***/orgs"
                    },
                    {
                      "k": "received_events_url",
                      "v": "https://api.github.com/users/***/received_events"
                    },
                    {
                      "k": "repos_url",
                      "v": "https://api.github.com/users/***/repos"
                    },
                    {
                      "k": "site_admin",
                      "v": false
                    },
                    {
                      "k": "starred_url",
                      "v": "https://api.github.com/users/***/starred{/owner}{/repo}"
                    },
                    {
                      "k": "subscriptions_url",
                      "v": "https://api.github.com/users/***/subscriptions"
                    },
                    {
                      "k": "type",
                      "v": "User"
                    },
                    {
                      "k": "url",
                      "v": "https://api.github.com/users/***"
                    },
                    {
                      "k": "user_view_type",
                      "v": "public"
                    }
                  ]
                }
              }
            ]
          }
        },
        {
          "k": "workflow_ref",
          "v": "***/HW2/.github/workflows/ci.yml@refs/heads/main"
        },
        {
          "k": "workflow_sha",
          "v": "f9f6775a0e7e36dfcaee6747d9c693de0793f277"
        },
        {
          "k": "repository_id",
          "v": "1197001240"
        },
        {
          "k": "triggering_actor",
          "v": "***"
        }
      ]
    },
    "inputs": {
      "t": 2
    },
    "job": {
      "t": 2,
      "d": [
        {
          "k": "check_run_id",
          "v": 69666460314.0
        }
      ]
    },
    "matrix": null,
    "needs": {
      "t": 2,
      "d": [
        {
          "k": "build_and_push",
          "v": {
            "t": 2,
            "d": [
              {
                "k": "result",
                "v": "success"
              },
              {
                "k": "outputs",
                "v": {
                  "t": 2
                }
              }
            ]
          }
        }
      ]
    },
    "strategy": {
      "t": 2,
      "d": [
        {
          "k": "fail-fast",
          "v": true
        },
        {
          "k": "job-index",
          "v": 0.0
        },
        {
          "k": "job-total",
          "v": 1.0
        },
        {
          "k": "max-parallel",
          "v": 1.0
        }
      ]
    },
    "vars": {
      "t": 2
    }
  },
  "billingOwnerId": "U_kgDOED1gag"
}
[2026-04-02 08:34:35Z INFO JobRunner] Job ID a22db9e0-f820-55ac-b428-99265746fa3c
[2026-04-02 08:34:35Z INFO ConfigurationStore] currentAssemblyLocation: C:\Users\kje02\Antigravity HW2\actions-runner\bin\Runner.Worker.dll
[2026-04-02 08:34:35Z INFO HostContext] Well known directory 'Bin': 'C:\Users\kje02\Antigravity HW2\actions-runner\bin'
[2026-04-02 08:34:35Z INFO ConfigurationStore] binPath: C:\Users\kje02\Antigravity HW2\actions-runner\bin
[2026-04-02 08:34:35Z INFO HostContext] Well known directory 'Bin': 'C:\Users\kje02\Antigravity HW2\actions-runner\bin'
[2026-04-02 08:34:35Z INFO HostContext] Well known directory 'Root': 'C:\Users\kje02\Antigravity HW2\actions-runner'
[2026-04-02 08:34:35Z INFO ConfigurationStore] RootFolder: C:\Users\kje02\Antigravity HW2\actions-runner
[2026-04-02 08:34:35Z INFO HostContext] Well known directory 'Bin': 'C:\Users\kje02\Antigravity HW2\actions-runner\bin'
[2026-04-02 08:34:35Z INFO HostContext] Well known directory 'Root': 'C:\Users\kje02\Antigravity HW2\actions-runner'
[2026-04-02 08:34:35Z INFO HostContext] Well known config file 'Runner': 'C:\Users\kje02\Antigravity HW2\actions-runner\.runner'
[2026-04-02 08:34:35Z INFO ConfigurationStore] ConfigFilePath: C:\Users\kje02\Antigravity HW2\actions-runner\.runner
[2026-04-02 08:34:35Z INFO HostContext] Well known directory 'Bin': 'C:\Users\kje02\Antigravity HW2\actions-runner\bin'
[2026-04-02 08:34:35Z INFO HostContext] Well known directory 'Root': 'C:\Users\kje02\Antigravity HW2\actions-runner'
[2026-04-02 08:34:35Z INFO HostContext] Well known config file 'MigratedRunner': 'C:\Users\kje02\Antigravity HW2\actions-runner\.runner_migrated'
[2026-04-02 08:34:35Z INFO ConfigurationStore] MigratedConfigFilePath: C:\Users\kje02\Antigravity HW2\actions-runner\.runner_migrated
[2026-04-02 08:34:35Z INFO HostContext] Well known directory 'Bin': 'C:\Users\kje02\Antigravity HW2\actions-runner\bin'
[2026-04-02 08:34:35Z INFO HostContext] Well known directory 'Root': 'C:\Users\kje02\Antigravity HW2\actions-runner'
[2026-04-02 08:34:35Z INFO HostContext] Well known config file 'Credentials': 'C:\Users\kje02\Antigravity HW2\actions-runner\.credentials'
[2026-04-02 08:34:35Z INFO ConfigurationStore] CredFilePath: C:\Users\kje02\Antigravity HW2\actions-runner\.credentials
[2026-04-02 08:34:35Z INFO HostContext] Well known directory 'Bin': 'C:\Users\kje02\Antigravity HW2\actions-runner\bin'
[2026-04-02 08:34:35Z INFO HostContext] Well known directory 'Root': 'C:\Users\kje02\Antigravity HW2\actions-runner'
[2026-04-02 08:34:35Z INFO HostContext] Well known config file 'MigratedCredentials': 'C:\Users\kje02\Antigravity HW2\actions-runner\.credentials_migrated'
[2026-04-02 08:34:35Z INFO ConfigurationStore] MigratedCredFilePath: C:\Users\kje02\Antigravity HW2\actions-runner\.credentials_migrated
[2026-04-02 08:34:35Z INFO HostContext] Well known directory 'Bin': 'C:\Users\kje02\Antigravity HW2\actions-runner\bin'
[2026-04-02 08:34:35Z INFO HostContext] Well known directory 'Root': 'C:\Users\kje02\Antigravity HW2\actions-runner'
[2026-04-02 08:34:35Z INFO HostContext] Well known config file 'Service': 'C:\Users\kje02\Antigravity HW2\actions-runner\.service'
[2026-04-02 08:34:35Z INFO ConfigurationStore] ServiceConfigFilePath: C:\Users\kje02\Antigravity HW2\actions-runner\.service
[2026-04-02 08:34:35Z INFO ConfigurationStore] Read setting file: 382 chars
[2026-04-02 08:34:35Z INFO JobRunner] Initializing launch client
[2026-04-02 08:34:35Z INFO JobServerQueue] Initializing results client
[2026-04-02 08:34:35Z INFO ResultServer] Creating websocket client ...wss://results-receiver.actions.githubusercontent.com/_ws/ingest.sock
[2026-04-02 08:34:35Z INFO ResultServer] Attempting to start websocket client with delay 00:00:00.
[2026-04-02 08:34:36Z INFO JobServerQueue] Start process web console line queue.
[2026-04-02 08:34:36Z INFO JobServerQueue] Start process file upload queue.
[2026-04-02 08:34:36Z INFO JobServerQueue] Start results file upload queue.
[2026-04-02 08:34:36Z INFO JobServerQueue] Starting results-based upload queue...
[2026-04-02 08:34:36Z INFO JobServerQueue] Start process timeline update queue.
[2026-04-02 08:34:36Z INFO ExecutionContext] Initializing Job context
[2026-04-02 08:34:36Z INFO ExecutionContext] Initialize GitHub context
[2026-04-02 08:34:36Z INFO ExecutionContext] Initialize Env context
[2026-04-02 08:34:36Z INFO HostContext] Well known directory 'Bin': 'C:\Users\kje02\Antigravity HW2\actions-runner\bin'
[2026-04-02 08:34:36Z INFO HostContext] Well known directory 'Root': 'C:\Users\kje02\Antigravity HW2\actions-runner'
[2026-04-02 08:34:36Z INFO HostContext] Well known directory 'Diag': 'C:\Users\kje02\Antigravity HW2\actions-runner\_diag'
[2026-04-02 08:34:36Z INFO HostContext] Well known directory 'Bin': 'C:\Users\kje02\Antigravity HW2\actions-runner\bin'
[2026-04-02 08:34:36Z INFO HostContext] Well known directory 'Root': 'C:\Users\kje02\Antigravity HW2\actions-runner'
[2026-04-02 08:34:36Z INFO HostContext] Well known directory 'Diag': 'C:\Users\kje02\Antigravity HW2\actions-runner\_diag'
[2026-04-02 08:34:36Z INFO JobRunner] Starting the job execution context.
[2026-04-02 08:34:36Z INFO HostContext] Well known directory 'Bin': 'C:\Users\kje02\Antigravity HW2\actions-runner\bin'
[2026-04-02 08:34:36Z INFO HostContext] Well known directory 'Root': 'C:\Users\kje02\Antigravity HW2\actions-runner'
[2026-04-02 08:34:36Z INFO HostContext] Well known directory 'Work': 'C:\Users\kje02\Antigravity HW2\actions-runner\_work'
[2026-04-02 08:34:36Z INFO JobRunner] Validating directory permissions for: 'C:\Users\kje02\Antigravity HW2\actions-runner\_work'
[2026-04-02 08:34:36Z INFO HostContext] Well known directory 'Bin': 'C:\Users\kje02\Antigravity HW2\actions-runner\bin'
[2026-04-02 08:34:36Z INFO HostContext] Well known directory 'Root': 'C:\Users\kje02\Antigravity HW2\actions-runner'
[2026-04-02 08:34:36Z INFO HostContext] Well known directory 'Work': 'C:\Users\kje02\Antigravity HW2\actions-runner\_work'
[2026-04-02 08:34:36Z INFO HostContext] Well known directory 'Tools': 'C:\Users\kje02\Antigravity HW2\actions-runner\_work\_tool'
[2026-04-02 08:34:36Z INFO HostContext] Well known directory 'Bin': 'C:\Users\kje02\Antigravity HW2\actions-runner\bin'
[2026-04-02 08:34:36Z INFO HostContext] Well known directory 'Root': 'C:\Users\kje02\Antigravity HW2\actions-runner'
[2026-04-02 08:34:36Z INFO HostContext] Well known directory 'Work': 'C:\Users\kje02\Antigravity HW2\actions-runner\_work'
[2026-04-02 08:34:36Z INFO HostContext] Well known directory 'Temp': 'C:\Users\kje02\Antigravity HW2\actions-runner\_work\_temp'
[2026-04-02 08:34:36Z INFO JobRunner] Getting job extension.
[2026-04-02 08:34:36Z INFO JobRunner] Initialize job. Getting all job steps.
[2026-04-02 08:34:36Z INFO HostContext] Well known directory 'Bin': 'C:\Users\kje02\Antigravity HW2\actions-runner\bin'
[2026-04-02 08:34:36Z INFO HostContext] Well known directory 'Root': 'C:\Users\kje02\Antigravity HW2\actions-runner'
[2026-04-02 08:34:36Z INFO HostContext] Well known directory 'Diag': 'C:\Users\kje02\Antigravity HW2\actions-runner\_diag'
[2026-04-02 08:34:36Z INFO HostContext] Well known directory 'Bin': 'C:\Users\kje02\Antigravity HW2\actions-runner\bin'
[2026-04-02 08:34:36Z INFO HostContext] Well known directory 'Root': 'C:\Users\kje02\Antigravity HW2\actions-runner'
[2026-04-02 08:34:36Z INFO HostContext] Well known directory 'Diag': 'C:\Users\kje02\Antigravity HW2\actions-runner\_diag'
[2026-04-02 08:34:36Z INFO HostContext] Well known directory 'Bin': 'C:\Users\kje02\Antigravity HW2\actions-runner\bin'
[2026-04-02 08:34:36Z INFO HostContext] Well known directory 'Root': 'C:\Users\kje02\Antigravity HW2\actions-runner'
[2026-04-02 08:34:36Z INFO HostContext] Well known config file 'Credentials': 'C:\Users\kje02\Antigravity HW2\actions-runner\.credentials'
[2026-04-02 08:34:36Z INFO HostContext] Well known directory 'Bin': 'C:\Users\kje02\Antigravity HW2\actions-runner\bin'
[2026-04-02 08:34:36Z INFO HostContext] Well known directory 'Root': 'C:\Users\kje02\Antigravity HW2\actions-runner'
[2026-04-02 08:34:36Z INFO HostContext] Well known config file 'SetupInfo': 'C:\Users\kje02\Antigravity HW2\actions-runner\.setup_info'
[2026-04-02 08:34:36Z INFO HostContext] Well known directory 'Bin': 'C:\Users\kje02\Antigravity HW2\actions-runner\bin'
[2026-04-02 08:34:36Z INFO HostContext] Well known directory 'Root': 'C:\Users\kje02\Antigravity HW2\actions-runner'
[2026-04-02 08:34:36Z INFO HostContext] Well known directory 'Work': 'C:\Users\kje02\Antigravity HW2\actions-runner\_work'
[2026-04-02 08:34:36Z INFO PipelineDirectoryManager] Loading tracking config if exists: C:\Users\kje02\Antigravity HW2\actions-runner\_work\_PipelineMapping\***/HW2\PipelineFolder.json
[2026-04-02 08:34:36Z INFO PipelineDirectoryManager] Creating a new tracking config file.
[2026-04-02 08:34:36Z INFO HostContext] Well known directory 'Bin': 'C:\Users\kje02\Antigravity HW2\actions-runner\bin'
[2026-04-02 08:34:36Z INFO HostContext] Well known directory 'Root': 'C:\Users\kje02\Antigravity HW2\actions-runner'
[2026-04-02 08:34:36Z INFO HostContext] Well known directory 'Work': 'C:\Users\kje02\Antigravity HW2\actions-runner\_work'
[2026-04-02 08:34:36Z INFO PipelineDirectoryManager] Creating pipeline directory.
[2026-04-02 08:34:36Z INFO HostContext] Well known directory 'Bin': 'C:\Users\kje02\Antigravity HW2\actions-runner\bin'
[2026-04-02 08:34:36Z INFO HostContext] Well known directory 'Root': 'C:\Users\kje02\Antigravity HW2\actions-runner'
[2026-04-02 08:34:36Z INFO HostContext] Well known directory 'Work': 'C:\Users\kje02\Antigravity HW2\actions-runner\_work'
[2026-04-02 08:34:36Z INFO PipelineDirectoryManager] Creating workspace directory.
[2026-04-02 08:34:36Z INFO HostContext] Well known directory 'Bin': 'C:\Users\kje02\Antigravity HW2\actions-runner\bin'
[2026-04-02 08:34:36Z INFO HostContext] Well known directory 'Root': 'C:\Users\kje02\Antigravity HW2\actions-runner'
[2026-04-02 08:34:36Z INFO HostContext] Well known directory 'Work': 'C:\Users\kje02\Antigravity HW2\actions-runner\_work'
[2026-04-02 08:34:36Z INFO JobExtension] Downloading actions
[2026-04-02 08:34:36Z INFO HostContext] Well known directory 'Bin': 'C:\Users\kje02\Antigravity HW2\actions-runner\bin'
[2026-04-02 08:34:36Z INFO HostContext] Well known directory 'Root': 'C:\Users\kje02\Antigravity HW2\actions-runner'
[2026-04-02 08:34:36Z INFO HostContext] Well known directory 'Work': 'C:\Users\kje02\Antigravity HW2\actions-runner\_work'
[2026-04-02 08:34:36Z INFO HostContext] Well known directory 'Actions': 'C:\Users\kje02\Antigravity HW2\actions-runner\_work\_actions'
[2026-04-02 08:34:36Z INFO JobExtension] Adding .
[2026-04-02 08:34:36Z INFO JobExtension] Adding .
[2026-04-02 08:34:36Z INFO JobExtension] Adding .
[2026-04-02 08:34:36Z INFO JobExtension] Adding .
[2026-04-02 08:34:36Z INFO HostContext] Well known directory 'Bin': 'C:\Users\kje02\Antigravity HW2\actions-runner\bin'
[2026-04-02 08:34:36Z INFO HostContext] Well known directory 'Root': 'C:\Users\kje02\Antigravity HW2\actions-runner'
[2026-04-02 08:34:36Z INFO HostContext] Well known directory 'Diag': 'C:\Users\kje02\Antigravity HW2\actions-runner\_diag'
[2026-04-02 08:34:36Z INFO HostContext] Well known directory 'Bin': 'C:\Users\kje02\Antigravity HW2\actions-runner\bin'
[2026-04-02 08:34:36Z INFO HostContext] Well known directory 'Root': 'C:\Users\kje02\Antigravity HW2\actions-runner'
[2026-04-02 08:34:36Z INFO HostContext] Well known directory 'Diag': 'C:\Users\kje02\Antigravity HW2\actions-runner\_diag'
[2026-04-02 08:34:36Z INFO HostContext] Well known directory 'Bin': 'C:\Users\kje02\Antigravity HW2\actions-runner\bin'
[2026-04-02 08:34:36Z INFO HostContext] Well known directory 'Root': 'C:\Users\kje02\Antigravity HW2\actions-runner'
[2026-04-02 08:34:36Z INFO HostContext] Well known directory 'Diag': 'C:\Users\kje02\Antigravity HW2\actions-runner\_diag'
[2026-04-02 08:34:36Z INFO HostContext] Well known directory 'Bin': 'C:\Users\kje02\Antigravity HW2\actions-runner\bin'
[2026-04-02 08:34:36Z INFO HostContext] Well known directory 'Root': 'C:\Users\kje02\Antigravity HW2\actions-runner'
[2026-04-02 08:34:36Z INFO HostContext] Well known directory 'Diag': 'C:\Users\kje02\Antigravity HW2\actions-runner\_diag'
[2026-04-02 08:34:36Z INFO HostContext] Well known directory 'Bin': 'C:\Users\kje02\Antigravity HW2\actions-runner\bin'
[2026-04-02 08:34:36Z INFO HostContext] Well known directory 'Root': 'C:\Users\kje02\Antigravity HW2\actions-runner'
[2026-04-02 08:34:36Z INFO HostContext] Well known directory 'Diag': 'C:\Users\kje02\Antigravity HW2\actions-runner\_diag'
[2026-04-02 08:34:36Z INFO HostContext] Well known directory 'Bin': 'C:\Users\kje02\Antigravity HW2\actions-runner\bin'
[2026-04-02 08:34:36Z INFO HostContext] Well known directory 'Root': 'C:\Users\kje02\Antigravity HW2\actions-runner'
[2026-04-02 08:34:36Z INFO HostContext] Well known directory 'Diag': 'C:\Users\kje02\Antigravity HW2\actions-runner\_diag'
[2026-04-02 08:34:36Z INFO HostContext] Well known directory 'Bin': 'C:\Users\kje02\Antigravity HW2\actions-runner\bin'
[2026-04-02 08:34:36Z INFO HostContext] Well known directory 'Root': 'C:\Users\kje02\Antigravity HW2\actions-runner'
[2026-04-02 08:34:36Z INFO HostContext] Well known directory 'Diag': 'C:\Users\kje02\Antigravity HW2\actions-runner\_diag'
[2026-04-02 08:34:36Z INFO HostContext] Well known directory 'Bin': 'C:\Users\kje02\Antigravity HW2\actions-runner\bin'
[2026-04-02 08:34:36Z INFO HostContext] Well known directory 'Root': 'C:\Users\kje02\Antigravity HW2\actions-runner'
[2026-04-02 08:34:36Z INFO HostContext] Well known directory 'Diag': 'C:\Users\kje02\Antigravity HW2\actions-runner\_diag'
[2026-04-02 08:34:36Z INFO JobExtension] Total accessible running process: 250.
[2026-04-02 08:34:36Z INFO HostContext] Well known directory 'Bin': 'C:\Users\kje02\Antigravity HW2\actions-runner\bin'
[2026-04-02 08:34:36Z INFO HostContext] Well known directory 'Root': 'C:\Users\kje02\Antigravity HW2\actions-runner'
[2026-04-02 08:34:36Z INFO HostContext] Well known directory 'Work': 'C:\Users\kje02\Antigravity HW2\actions-runner\_work'
[2026-04-02 08:34:36Z INFO JobExtension] Start checking server connectivity.
[2026-04-02 08:34:36Z INFO JobExtension] Check server connectivity for https://broker.actions.githubusercontent.com/health.
[2026-04-02 08:34:36Z INFO JobExtension] Check server connectivity for https://token.actions.githubusercontent.com/ready.
[2026-04-02 08:34:36Z INFO JobExtension] Check server connectivity for https://run.actions.githubusercontent.com/health.
[2026-04-02 08:34:36Z INFO JobExtension] Start checking service connectivity in background.
[2026-04-02 08:34:36Z INFO ExecutionContext] Publish step telemetry for current step {
  "action": "setup_job",
  "type": "runner",
  "stage": "Pre",
  "stepId": "2827cbdf-623e-4ae4-b589-b216a574d089",
  "result": "succeeded",
  "errorMessages": [],
  "executionTimeInSeconds": 1,
  "startTime": "2026-04-02T08:34:36.0638714Z",
  "finishTime": "2026-04-02T08:34:36.1783273Z"
}.
[2026-04-02 08:34:36Z INFO JobRunner] Total job steps: 4.
[2026-04-02 08:34:36Z INFO JobRunner] Run all job steps.
[2026-04-02 08:34:36Z INFO StepsRunner] Processing step: DisplayName='Pull Docker Image'
[2026-04-02 08:34:36Z INFO StepsRunner] Evaluating: success()
[2026-04-02 08:34:36Z INFO StepsRunner] Result: true
[2026-04-02 08:34:36Z INFO StepsRunner] Starting the step.
[2026-04-02 08:34:36Z INFO HostContext] Well known directory 'Bin': 'C:\Users\kje02\Antigravity HW2\actions-runner\bin'
[2026-04-02 08:34:36Z INFO HostContext] Well known directory 'Root': 'C:\Users\kje02\Antigravity HW2\actions-runner'
[2026-04-02 08:34:36Z INFO HostContext] Well known directory 'Work': 'C:\Users\kje02\Antigravity HW2\actions-runner\_work'
[2026-04-02 08:34:36Z INFO StepsRunner] Which2: 'chcp'
[2026-04-02 08:34:36Z INFO StepsRunner] Location: 'C:\WINDOWS\system32\chcp.COM'
[2026-04-02 08:34:36Z INFO ProcessInvokerWrapper] Starting process:
[2026-04-02 08:34:36Z INFO ProcessInvokerWrapper]   File name: 'C:\WINDOWS\system32\chcp.COM'
[2026-04-02 08:34:36Z INFO ProcessInvokerWrapper]   Arguments: '65001'
[2026-04-02 08:34:36Z INFO ProcessInvokerWrapper]   Working directory: 'C:\Users\kje02\Antigravity HW2\actions-runner\_work'
[2026-04-02 08:34:36Z INFO ProcessInvokerWrapper]   Require exit code zero: 'False'
[2026-04-02 08:34:36Z INFO ProcessInvokerWrapper]   Encoding web name:  ; code page: ''
[2026-04-02 08:34:36Z INFO ProcessInvokerWrapper]   Force kill process on cancellation: 'False'
[2026-04-02 08:34:36Z INFO ProcessInvokerWrapper]   Redirected STDIN: 'False'
[2026-04-02 08:34:36Z INFO ProcessInvokerWrapper]   Persist current code page: 'True'
[2026-04-02 08:34:36Z INFO ProcessInvokerWrapper]   Keep redirected STDIN open: 'False'
[2026-04-02 08:34:36Z INFO ProcessInvokerWrapper]   High priority process: 'False'
[2026-04-02 08:34:36Z INFO ProcessInvokerWrapper] Process started with process id 9024, waiting for process exit.
[2026-04-02 08:34:36Z INFO Worker] Listening for cancel message from the channel.
[2026-04-02 08:34:36Z INFO Worker] Waiting for the job to complete or for a cancel message from the channel.
[2026-04-02 08:34:36Z INFO ProcessInvokerWrapper] STDOUT/STDERR stream read finished.
[2026-04-02 08:34:36Z INFO ProcessInvokerWrapper] STDOUT/STDERR stream read finished.
[2026-04-02 08:34:36Z INFO ProcessInvokerWrapper] Finished process 9024 with exit code 0, and elapsed time 00:00:00.0465920.
[2026-04-02 08:34:36Z INFO StepsRunner] Successfully returned to code page 65001 (UTF8)
[2026-04-02 08:34:36Z INFO HostContext] Well known directory 'Bin': 'C:\Users\kje02\Antigravity HW2\actions-runner\bin'
[2026-04-02 08:34:36Z INFO HostContext] Well known directory 'Root': 'C:\Users\kje02\Antigravity HW2\actions-runner'
[2026-04-02 08:34:36Z INFO HostContext] Well known directory 'Work': 'C:\Users\kje02\Antigravity HW2\actions-runner\_work'
[2026-04-02 08:34:36Z INFO HostContext] Well known directory 'Temp': 'C:\Users\kje02\Antigravity HW2\actions-runner\_work\_temp'
[2026-04-02 08:34:36Z INFO ExecutionContext] Write event payload to C:\Users\kje02\Antigravity HW2\actions-runner\_work\_temp\_github_workflow\event.json
[2026-04-02 08:34:36Z INFO HostContext] Well known directory 'Bin': 'C:\Users\kje02\Antigravity HW2\actions-runner\bin'
[2026-04-02 08:34:36Z INFO HostContext] Well known directory 'Root': 'C:\Users\kje02\Antigravity HW2\actions-runner'
[2026-04-02 08:34:36Z INFO HostContext] Well known directory 'Work': 'C:\Users\kje02\Antigravity HW2\actions-runner\_work'
[2026-04-02 08:34:36Z INFO HostContext] Well known directory 'Temp': 'C:\Users\kje02\Antigravity HW2\actions-runner\_work\_temp'
[2026-04-02 08:34:36Z INFO ExtensionManager] Getting extensions for interface: 'GitHub.Runner.Worker.IFileCommandExtension'
[2026-04-02 08:34:36Z INFO ExtensionManager] Creating instance: GitHub.Runner.Worker.AddPathFileCommand, Runner.Worker
[2026-04-02 08:34:36Z INFO ExtensionManager] Creating instance: GitHub.Runner.Worker.SetEnvFileCommand, Runner.Worker
[2026-04-02 08:34:36Z INFO ExtensionManager] Creating instance: GitHub.Runner.Worker.CreateStepSummaryCommand, Runner.Worker
[2026-04-02 08:34:36Z INFO ExtensionManager] Creating instance: GitHub.Runner.Worker.SaveStateFileCommand, Runner.Worker
[2026-04-02 08:34:36Z INFO ExtensionManager] Creating instance: GitHub.Runner.Worker.SetOutputFileCommand, Runner.Worker
[2026-04-02 08:34:36Z INFO ExtensionManager] Getting extensions for interface: 'GitHub.Runner.Worker.IActionCommandExtension'
[2026-04-02 08:34:36Z INFO ExtensionManager] Creating instance: GitHub.Runner.Worker.InternalPluginSetRepoPathCommandExtension, Runner.Worker
[2026-04-02 08:34:36Z INFO ExtensionManager] Creating instance: GitHub.Runner.Worker.SetEnvCommandExtension, Runner.Worker
[2026-04-02 08:34:36Z INFO ExtensionManager] Creating instance: GitHub.Runner.Worker.SetOutputCommandExtension, Runner.Worker
[2026-04-02 08:34:36Z INFO ExtensionManager] Creating instance: GitHub.Runner.Worker.SaveStateCommandExtension, Runner.Worker
[2026-04-02 08:34:36Z INFO ExtensionManager] Creating instance: GitHub.Runner.Worker.AddPathCommandExtension, Runner.Worker
[2026-04-02 08:34:36Z INFO ExtensionManager] Creating instance: GitHub.Runner.Worker.AddMaskCommandExtension, Runner.Worker
[2026-04-02 08:34:36Z INFO ExtensionManager] Creating instance: GitHub.Runner.Worker.AddMatcherCommandExtension, Runner.Worker
[2026-04-02 08:34:36Z INFO ExtensionManager] Creating instance: GitHub.Runner.Worker.RemoveMatcherCommandExtension, Runner.Worker
[2026-04-02 08:34:36Z INFO ExtensionManager] Creating instance: GitHub.Runner.Worker.WarningCommandExtension, Runner.Worker
[2026-04-02 08:34:36Z INFO ExtensionManager] Creating instance: GitHub.Runner.Worker.ErrorCommandExtension, Runner.Worker
[2026-04-02 08:34:36Z INFO ExtensionManager] Creating instance: GitHub.Runner.Worker.NoticeCommandExtension, Runner.Worker
[2026-04-02 08:34:36Z INFO ExtensionManager] Creating instance: GitHub.Runner.Worker.DebugCommandExtension, Runner.Worker
[2026-04-02 08:34:36Z INFO ExtensionManager] Creating instance: GitHub.Runner.Worker.GroupCommandExtension, Runner.Worker
[2026-04-02 08:34:36Z INFO ExtensionManager] Creating instance: GitHub.Runner.Worker.EndGroupCommandExtension, Runner.Worker
[2026-04-02 08:34:36Z INFO ExtensionManager] Creating instance: GitHub.Runner.Worker.EchoCommandExtension, Runner.Worker
[2026-04-02 08:34:36Z INFO ActionCommandManager] Register action command extension for command internal-set-repo-path
[2026-04-02 08:34:36Z INFO ActionCommandManager] Register action command extension for command set-env
[2026-04-02 08:34:36Z INFO ActionCommandManager] Register action command extension for command set-output
[2026-04-02 08:34:36Z INFO ActionCommandManager] Register action command extension for command save-state
[2026-04-02 08:34:36Z INFO ActionCommandManager] Register action command extension for command add-path
[2026-04-02 08:34:36Z INFO ActionCommandManager] Register action command extension for command add-mask
[2026-04-02 08:34:36Z INFO ActionCommandManager] Register action command extension for command add-matcher
[2026-04-02 08:34:36Z INFO ActionCommandManager] Register action command extension for command remove-matcher
[2026-04-02 08:34:36Z INFO ActionCommandManager] Register action command extension for command warning
[2026-04-02 08:34:36Z INFO ActionCommandManager] Register action command extension for command error
[2026-04-02 08:34:36Z INFO ActionCommandManager] Register action command extension for command notice
[2026-04-02 08:34:36Z INFO ActionCommandManager] Register action command extension for command debug
[2026-04-02 08:34:36Z INFO ActionCommandManager] Register action command extension for command group
[2026-04-02 08:34:36Z INFO ActionCommandManager] Register action command extension for command endgroup
[2026-04-02 08:34:36Z INFO ActionCommandManager] Register action command extension for command echo
[2026-04-02 08:34:36Z INFO ScriptHandler] Which2: 'pwsh'
[2026-04-02 08:34:36Z INFO ScriptHandler] pwsh: command not found. Make sure 'pwsh' is installed and its location included in the 'Path' environment variable.
[2026-04-02 08:34:36Z INFO ScriptHandler] Defaulting to powershell
[2026-04-02 08:34:36Z INFO ScriptHandler] Which2: 'powershell'
[2026-04-02 08:34:36Z INFO ScriptHandler] Location: 'C:\WINDOWS\System32\WindowsPowerShell\v1.0\powershell.EXE'
[2026-04-02 08:34:36Z INFO HostContext] Well known directory 'Bin': 'C:\Users\kje02\Antigravity HW2\actions-runner\bin'
[2026-04-02 08:34:36Z INFO HostContext] Well known directory 'Root': 'C:\Users\kje02\Antigravity HW2\actions-runner'
[2026-04-02 08:34:36Z INFO HostContext] Well known directory 'Work': 'C:\Users\kje02\Antigravity HW2\actions-runner\_work'
[2026-04-02 08:34:36Z INFO HostContext] Well known directory 'Temp': 'C:\Users\kje02\Antigravity HW2\actions-runner\_work\_temp'
[2026-04-02 08:34:36Z INFO ScriptHandler] Which2: 'pwsh'
[2026-04-02 08:34:36Z INFO ScriptHandler] pwsh: command not found. Make sure 'pwsh' is installed and its location included in the 'Path' environment variable.
[2026-04-02 08:34:36Z INFO ScriptHandler] Defaulting to powershell
[2026-04-02 08:34:36Z INFO ScriptHandler] Which2: 'powershell'
[2026-04-02 08:34:36Z INFO ScriptHandler] Location: 'C:\WINDOWS\System32\WindowsPowerShell\v1.0\powershell.EXE'
[2026-04-02 08:34:36Z INFO ProcessInvokerWrapper] Starting process:
[2026-04-02 08:34:36Z INFO ProcessInvokerWrapper]   File name: 'C:\WINDOWS\System32\WindowsPowerShell\v1.0\powershell.EXE'
[2026-04-02 08:34:36Z INFO ProcessInvokerWrapper]   Arguments: '-command ". 'C:\Users\kje02\Antigravity HW2\actions-runner\_work\_temp\17b8567b-7eb0-41c3-a8d8-29fbff5936b5.ps1'"'
[2026-04-02 08:34:36Z INFO ProcessInvokerWrapper]   Working directory: 'C:\Users\kje02\Antigravity HW2\actions-runner\_work\HW2\HW2'
[2026-04-02 08:34:36Z INFO ProcessInvokerWrapper]   Require exit code zero: 'False'
[2026-04-02 08:34:36Z INFO ProcessInvokerWrapper]   Encoding web name:  ; code page: ''
[2026-04-02 08:34:36Z INFO ProcessInvokerWrapper]   Force kill process on cancellation: 'False'
[2026-04-02 08:34:36Z INFO ProcessInvokerWrapper]   Redirected STDIN: 'False'
[2026-04-02 08:34:36Z INFO ProcessInvokerWrapper]   Persist current code page: 'True'
[2026-04-02 08:34:36Z INFO ProcessInvokerWrapper]   Keep redirected STDIN open: 'False'
[2026-04-02 08:34:36Z INFO ProcessInvokerWrapper]   High priority process: 'False'
[2026-04-02 08:34:36Z INFO ProcessInvokerWrapper] Process started with process id 21376, waiting for process exit.
[2026-04-02 08:34:36Z INFO ProcessInvokerWrapper] STDOUT/STDERR stream read finished.
[2026-04-02 08:34:36Z INFO ProcessInvokerWrapper] STDOUT/STDERR stream read finished.
[2026-04-02 08:34:36Z INFO ProcessInvokerWrapper] Finished process 21376 with exit code 1, and elapsed time 00:00:00.3128767.
[2026-04-02 08:34:36Z INFO CreateStepSummaryCommand] Step Summary file (C:\Users\kje02\Antigravity HW2\actions-runner\_work\_temp\_runner_file_commands\step_summary_224dca1e-41de-4963-a20a-d31722771818) is empty; skipping attachment upload
[2026-04-02 08:34:36Z INFO StepsRunner] Step result: Failed
[2026-04-02 08:34:36Z INFO ExecutionContext] Publish step telemetry for current step {
  "action": "powershell",
  "type": "run",
  "stage": "Main",
  "stepId": "6735d6ad-afd8-4f35-a885-6d7d8fd6c69d",
  "stepContextName": "__run",
  "result": "failed",
  "errorMessages": [
    "Process completed with exit code 1."
  ],
  "executionTimeInSeconds": 1,
  "startTime": "2026-04-02T08:34:36.191584Z",
  "finishTime": "2026-04-02T08:34:36.6422358Z"
}.
[2026-04-02 08:34:36Z INFO StepsRunner] Update job result with current step result 'Failed'.
[2026-04-02 08:34:36Z INFO StepsRunner] Current state: job state = 'Failed'
[2026-04-02 08:34:36Z INFO StepsRunner] Processing step: DisplayName='Stop existing container'
[2026-04-02 08:34:36Z INFO StepsRunner] Evaluating: success()
[2026-04-02 08:34:36Z INFO StepsRunner] Result: false
[2026-04-02 08:34:36Z INFO StepsRunner] Skipping step due to condition evaluation.
[2026-04-02 08:34:36Z INFO StepsRunner] No need for updating job result with current step result 'Skipped'.
[2026-04-02 08:34:36Z INFO StepsRunner] Current state: job state = 'Failed'
[2026-04-02 08:34:36Z INFO StepsRunner] Processing step: DisplayName='Remove existing container'
[2026-04-02 08:34:36Z INFO StepsRunner] Evaluating: success()
[2026-04-02 08:34:36Z INFO StepsRunner] Result: false
[2026-04-02 08:34:36Z INFO StepsRunner] Skipping step due to condition evaluation.
[2026-04-02 08:34:36Z INFO StepsRunner] No need for updating job result with current step result 'Skipped'.
[2026-04-02 08:34:36Z INFO StepsRunner] Current state: job state = 'Failed'
[2026-04-02 08:34:36Z INFO StepsRunner] Processing step: DisplayName='Run new container'
[2026-04-02 08:34:36Z INFO StepsRunner] Evaluating: success()
[2026-04-02 08:34:36Z INFO StepsRunner] Result: false
[2026-04-02 08:34:36Z INFO StepsRunner] Skipping step due to condition evaluation.
[2026-04-02 08:34:36Z INFO StepsRunner] No need for updating job result with current step result 'Skipped'.
[2026-04-02 08:34:36Z INFO StepsRunner] Current state: job state = 'Failed'
[2026-04-02 08:34:36Z INFO JobRunner] Finalize job.
[2026-04-02 08:34:36Z INFO HostContext] Well known directory 'Bin': 'C:\Users\kje02\Antigravity HW2\actions-runner\bin'
[2026-04-02 08:34:36Z INFO HostContext] Well known directory 'Root': 'C:\Users\kje02\Antigravity HW2\actions-runner'
[2026-04-02 08:34:36Z INFO HostContext] Well known directory 'Diag': 'C:\Users\kje02\Antigravity HW2\actions-runner\_diag'
[2026-04-02 08:34:36Z INFO HostContext] Well known directory 'Bin': 'C:\Users\kje02\Antigravity HW2\actions-runner\bin'
[2026-04-02 08:34:36Z INFO HostContext] Well known directory 'Root': 'C:\Users\kje02\Antigravity HW2\actions-runner'
[2026-04-02 08:34:36Z INFO HostContext] Well known directory 'Diag': 'C:\Users\kje02\Antigravity HW2\actions-runner\_diag'
[2026-04-02 08:34:36Z INFO JobExtension] Initialize Env context
[2026-04-02 08:34:36Z INFO JobExtension] Initialize steps context
[2026-04-02 08:34:36Z INFO JobExtension] Total accessible running process: 250.
[2026-04-02 08:34:36Z INFO JobExtension] Wait for all connectivity checks to finish.
[2026-04-02 08:34:36Z INFO JobExtension] Connectivity check result: GitHub.Runner.Worker.JobExtension+CheckResult
[2026-04-02 08:34:36Z INFO JobExtension] Connectivity check result: GitHub.Runner.Worker.JobExtension+CheckResult
[2026-04-02 08:34:36Z INFO JobExtension] Connectivity check result: GitHub.Runner.Worker.JobExtension+CheckResult
[2026-04-02 08:34:36Z INFO ExecutionContext] Publish step telemetry for current step {
  "action": "complete_job",
  "type": "runner",
  "stage": "Post",
  "stepId": "5e8651b1-ba8b-4bf4-988a-0165d15eea11",
  "result": "succeeded",
  "errorMessages": [],
  "executionTimeInSeconds": 1,
  "startTime": "2026-04-02T08:34:36.648012Z",
  "finishTime": "2026-04-02T08:34:36.9865221Z"
}.
[2026-04-02 08:34:36Z INFO ResultServer] Successfully started websocket client.
[2026-04-02 08:34:36Z INFO JobRunner] Job result after all job steps finish: Failed
[2026-04-02 08:34:36Z INFO JobRunner] Completing the job execution context.
[2026-04-02 08:34:36Z INFO JobRunner] Shutting down the job server queue.
[2026-04-02 08:34:36Z INFO JobServerQueue] Try to append 1 batches web console lines for record '2827cbdf-623e-4ae4-b589-b216a574d089', success rate: 1/1.
[2026-04-02 08:34:36Z INFO JobServerQueue] Fire signal to shutdown all queues.
[2026-04-02 08:34:37Z INFO JobServerQueue] Job timeline record has been updated for the first time.
[2026-04-02 08:34:38Z INFO JobServerQueue] All queue process task stopped.
[2026-04-02 08:34:38Z INFO JobServerQueue] Try to append 1 batches web console lines for record '6735d6ad-afd8-4f35-a885-6d7d8fd6c69d', success rate: 1/1.
[2026-04-02 08:34:38Z INFO JobServerQueue] Try to append 1 batches web console lines for record '5e8651b1-ba8b-4bf4-988a-0165d15eea11', success rate: 1/1.
[2026-04-02 08:34:38Z INFO JobServerQueue] Web console line queue drained.
[2026-04-02 08:34:38Z INFO JobServerQueue] Uploading 4 files in one shot.
[2026-04-02 08:34:38Z INFO JobServerQueue] Try to upload 4 log files or attachments, success rate: 4/4.
[2026-04-02 08:34:38Z INFO JobServerQueue] File upload queue drained.
[2026-04-02 08:34:38Z INFO JobServerQueue] Starting results-based upload queue...
[2026-04-02 08:34:38Z INFO JobServerQueue] Uploading 4 file(s) in one shot through results service.
[2026-04-02 08:34:38Z INFO JobServerQueue] Got a step log file to send to results service.
[2026-04-02 08:34:38Z INFO JobServerQueue] Starting upload of step log file to results service ResultsLog, C:\Users\kje02\Antigravity HW2\actions-runner\_diag\blocks\00f2d38f-4afa-443a-a2ad-07efb1efdf29_2827cbdf-623e-4ae4-b589-b216a574d089.1
[2026-04-02 08:34:39Z INFO JobServerQueue] Got a step log file to send to results service.
[2026-04-02 08:34:39Z INFO JobServerQueue] Starting upload of step log file to results service ResultsLog, C:\Users\kje02\Antigravity HW2\actions-runner\_diag\blocks\00f2d38f-4afa-443a-a2ad-07efb1efdf29_6735d6ad-afd8-4f35-a885-6d7d8fd6c69d.1
[2026-04-02 08:34:40Z INFO JobServerQueue] Got a step log file to send to results service.
[2026-04-02 08:34:40Z INFO JobServerQueue] Starting upload of step log file to results service ResultsLog, C:\Users\kje02\Antigravity HW2\actions-runner\_diag\blocks\00f2d38f-4afa-443a-a2ad-07efb1efdf29_5e8651b1-ba8b-4bf4-988a-0165d15eea11.1
[2026-04-02 08:34:41Z INFO JobServerQueue] Got a job log file to send to results service.
[2026-04-02 08:34:41Z INFO JobServerQueue] Starting upload of job log file to results service ResultsLog, C:\Users\kje02\Antigravity HW2\actions-runner\_diag\blocks\00f2d38f-4afa-443a-a2ad-07efb1efdf29_a22db9e0-f820-55ac-b428-99265746fa3c.1
[2026-04-02 08:34:42Z INFO JobServerQueue] Tried to upload 4 file(s) to results, success rate: 4/4.
[2026-04-02 08:34:42Z INFO JobServerQueue] Results upload queue drained.
[2026-04-02 08:34:42Z INFO JobServerQueue] Timeline update queue drained.
[2026-04-02 08:34:42Z INFO JobServerQueue] Disposing job server ...
[2026-04-02 08:34:42Z INFO JobServerQueue] Disposing results server ...
[2026-04-02 08:34:42Z INFO JobServerQueue] All queue process tasks have been stopped, and all queues are drained.
[2026-04-02 08:34:42Z INFO TempDirectoryManager] Cleaning runner temp folder: C:\Users\kje02\Antigravity HW2\actions-runner\_work\_temp
[2026-04-02 08:34:42Z INFO HostContext] Well known directory 'Bin': 'C:\Users\kje02\Antigravity HW2\actions-runner\bin'
[2026-04-02 08:34:42Z INFO HostContext] Well known directory 'Root': 'C:\Users\kje02\Antigravity HW2\actions-runner'
[2026-04-02 08:34:42Z INFO HostContext] Well known directory 'Diag': 'C:\Users\kje02\Antigravity HW2\actions-runner\_diag'
[2026-04-02 08:34:42Z INFO HostContext] Well known config file 'Telemetry': 'C:\Users\kje02\Antigravity HW2\actions-runner\_diag\.telemetry'
[2026-04-02 08:34:42Z INFO JobRunner] Raising job completed against run service
[2026-04-02 08:34:43Z INFO Worker] Job completed.
